0 verbose cli /usr/local/bin/node /usr/local/bin/npm
1 info using npm@11.6.2
2 info using node@v24.13.0
3 silly config load:file:/usr/local/lib/node_modules/npm/npmrc
4 silly config load:file:/Users/alexander/Documents/Note App/.npmrc
5 silly config load:file:/Users/alexander/.npmrc
6 silly config load:file:/usr/local/etc/npmrc
7 verbose title npm create vite@latest . --template react
8 verbose argv "create" "vite@latest" "." "--" "--template" "react"
9 verbose logfile logs-max:10 dir:/Users/alexander/Documents/Note App/.npm_cache/_logs/2026-03-17T14_45_56_913Z-
10 verbose logfile /Users/alexander/Documents/Note App/.npm_cache/_logs/2026-03-17T14_45_56_913Z-debug-0.log
11 silly logfile done cleaning log files
12 silly packumentCache heap:4496293888 maxSize:1124073472 maxEntrySize:562036736
13 http fetch GET 200 https://registry.npmjs.org/create-vite 124ms (cache revalidated)
14 silly packumentCache heap:4496293888 maxSize:1124073472 maxEntrySize:562036736
15 verbose cwd /Users/alexander/Documents/Note App
16 verbose os Darwin 24.6.0
17 verbose node v24.13.0
18 verbose npm  v11.6.2
19 verbose exit 0
20 info ok
