0 verbose cli /usr/local/bin/node /usr/local/bin/npm
1 info using npm@11.6.2
2 info using node@v24.13.0
3 silly config load:file:/usr/local/lib/node_modules/npm/npmrc
4 silly config load:file:/Users/alexander/Documents/Note App/.npmrc
5 silly config load:file:/Users/alexander/.npmrc
6 silly config load:file:/usr/local/etc/npmrc
7 verbose title npm install
8 verbose argv "install"
9 verbose logfile logs-max:10 dir:/Users/alexander/Documents/Note App/.npm_cache/_logs/2026-03-17T14_53_41_861Z-
10 verbose logfile /Users/alexander/Documents/Note App/.npm_cache/_logs/2026-03-17T14_53_41_861Z-debug-0.log
11 silly logfile done cleaning log files
12 silly packumentCache heap:4496293888 maxSize:1124073472 maxEntrySize:562036736
13 silly idealTree buildDeps
14 silly fetch manifest react@^18.3.1
15 silly packumentCache full:https://registry.npmjs.org/react cache-miss
16 http fetch GET 200 https://registry.npmjs.org/react 459ms (cache miss)
17 silly packumentCache full:https://registry.npmjs.org/react set size:undefined disposed:false
18 silly fetch manifest react-dom@^18.3.1
19 silly packumentCache full:https://registry.npmjs.org/react-dom cache-miss
20 http fetch GET 200 https://registry.npmjs.org/react-dom 373ms (cache miss)
21 silly packumentCache full:https://registry.npmjs.org/react-dom set size:undefined disposed:false
22 silly fetch manifest @dnd-kit/core@^6.1.0
23 silly packumentCache full:https://registry.npmjs.org/@dnd-kit%2fcore cache-miss
24 http fetch GET 200 https://registry.npmjs.org/@dnd-kit%2fcore 72ms (cache miss)
25 silly packumentCache full:https://registry.npmjs.org/@dnd-kit%2fcore set size:undefined disposed:false
26 silly fetch manifest @dnd-kit/sortable@^8.0.0
27 silly packumentCache full:https://registry.npmjs.org/@dnd-kit%2fsortable cache-miss
28 http fetch GET 200 https://registry.npmjs.org/@dnd-kit%2fsortable 89ms (cache miss)
29 silly packumentCache full:https://registry.npmjs.org/@dnd-kit%2fsortable set size:undefined disposed:false
30 silly fetch manifest @dnd-kit/utilities@^3.2.2
31 silly packumentCache full:https://registry.npmjs.org/@dnd-kit%2futilities cache-miss
32 http fetch GET 200 https://registry.npmjs.org/@dnd-kit%2futilities 85ms (cache miss)
33 silly packumentCache full:https://registry.npmjs.org/@dnd-kit%2futilities set size:undefined disposed:false
34 silly fetch manifest uuid@^9.0.1
35 silly packumentCache full:https://registry.npmjs.org/uuid cache-miss
36 http fetch GET 200 https://registry.npmjs.org/uuid 64ms (cache miss)
37 silly packumentCache full:https://registry.npmjs.org/uuid set size:undefined disposed:false
38 silly fetch manifest @types/react@^18.3.3
39 silly packumentCache full:https://registry.npmjs.org/@types%2freact cache-miss
40 http fetch GET 200 https://registry.npmjs.org/@types%2freact 145ms (cache miss)
41 silly packumentCache full:https://registry.npmjs.org/@types%2freact set size:undefined disposed:false
42 silly fetch manifest @types/react-dom@^18.3.0
43 silly packumentCache full:https://registry.npmjs.org/@types%2freact-dom cache-miss
44 http fetch GET 200 https://registry.npmjs.org/@types%2freact-dom 62ms (cache miss)
45 silly packumentCache full:https://registry.npmjs.org/@types%2freact-dom set size:undefined disposed:false
46 silly fetch manifest @vitejs/plugin-react@^4.3.1
47 silly packumentCache full:https://registry.npmjs.org/@vitejs%2fplugin-react cache-miss
48 http fetch GET 200 https://registry.npmjs.org/@vitejs%2fplugin-react 71ms (cache miss)
49 silly packumentCache full:https://registry.npmjs.org/@vitejs%2fplugin-react set size:undefined disposed:false
50 silly fetch manifest vite@^5.4.2
51 silly packumentCache full:https://registry.npmjs.org/vite cache-miss
52 http fetch GET 200 https://registry.npmjs.org/vite 747ms (cache miss)
53 silly packumentCache full:https://registry.npmjs.org/vite set size:undefined disposed:false
54 silly fetch manifest @types/node@^18.0.0 || >=20.0.0
55 silly packumentCache full:https://registry.npmjs.org/@types%2fnode cache-miss
56 http fetch GET 200 https://registry.npmjs.org/@types%2fnode 209ms (cache miss)
57 silly packumentCache full:https://registry.npmjs.org/@types%2fnode set size:undefined disposed:false
58 silly fetch manifest less@*
59 silly packumentCache full:https://registry.npmjs.org/less cache-miss
60 http fetch GET 200 https://registry.npmjs.org/less 53ms (cache miss)
61 silly packumentCache full:https://registry.npmjs.org/less set size:undefined disposed:false
62 silly fetch manifest lightningcss@^1.21.0
63 silly packumentCache full:https://registry.npmjs.org/lightningcss cache-miss
64 http fetch GET 200 https://registry.npmjs.org/lightningcss 44ms (cache miss)
65 silly packumentCache full:https://registry.npmjs.org/lightningcss set size:undefined disposed:false
66 silly fetch manifest sass@*
67 silly packumentCache full:https://registry.npmjs.org/sass cache-miss
68 http fetch GET 200 https://registry.npmjs.org/sass 54ms (cache miss)
69 silly packumentCache full:https://registry.npmjs.org/sass set size:undefined disposed:false
70 silly fetch manifest sass-embedded@*
71 silly packumentCache full:https://registry.npmjs.org/sass-embedded cache-miss
72 http fetch GET 200 https://registry.npmjs.org/sass-embedded 42ms (cache miss)
73 silly packumentCache full:https://registry.npmjs.org/sass-embedded set size:undefined disposed:false
74 silly fetch manifest stylus@*
75 silly packumentCache full:https://registry.npmjs.org/stylus cache-miss
76 http fetch GET 200 https://registry.npmjs.org/stylus 43ms (cache miss)
77 silly packumentCache full:https://registry.npmjs.org/stylus set size:undefined disposed:false
78 silly fetch manifest sugarss@*
79 silly packumentCache full:https://registry.npmjs.org/sugarss cache-miss
80 http fetch GET 200 https://registry.npmjs.org/sugarss 36ms (cache miss)
81 silly packumentCache full:https://registry.npmjs.org/sugarss set size:undefined disposed:false
82 silly fetch manifest postcss@^8.3.3
83 silly packumentCache full:https://registry.npmjs.org/postcss cache-miss
84 http fetch GET 200 https://registry.npmjs.org/postcss 52ms (cache miss)
85 silly packumentCache full:https://registry.npmjs.org/postcss set size:undefined disposed:false
86 silly fetch manifest terser@^5.4.0
87 silly packumentCache full:https://registry.npmjs.org/terser cache-miss
88 http fetch GET 200 https://registry.npmjs.org/terser 60ms (cache miss)
89 silly packumentCache full:https://registry.npmjs.org/terser set size:undefined disposed:false
90 silly placeDep ROOT @dnd-kit/core@6.3.1 OK for: note-app@0.1.0 want: ^6.1.0
91 silly placeDep ROOT react@18.3.1 OK for: @dnd-kit/core@6.3.1 want: >=16.8.0
92 silly placeDep ROOT react-dom@18.3.1 OK for: @dnd-kit/core@6.3.1 want: >=16.8.0
93 silly placeDep ROOT @dnd-kit/sortable@8.0.0 OK for: note-app@0.1.0 want: ^8.0.0
94 silly placeDep ROOT @dnd-kit/utilities@3.2.2 OK for: note-app@0.1.0 want: ^3.2.2
95 silly placeDep ROOT @types/react@18.3.28 OK for: note-app@0.1.0 want: ^18.3.3
96 silly placeDep ROOT @types/react-dom@18.3.7 OK for: note-app@0.1.0 want: ^18.3.0
97 silly placeDep ROOT @vitejs/plugin-react@4.7.0 OK for: note-app@0.1.0 want: ^4.3.1
98 silly placeDep ROOT vite@5.4.21 OK for: @vitejs/plugin-react@4.7.0 want: ^4.2.0 || ^5.0.0 || ^6.0.0 || ^7.0.0
99 silly placeDep ROOT uuid@9.0.1 OK for: note-app@0.1.0 want: ^9.0.1
100 silly fetch manifest tslib@^2.0.0
101 silly packumentCache full:https://registry.npmjs.org/tslib cache-miss
102 silly fetch manifest @dnd-kit/accessibility@^3.1.1
103 silly packumentCache full:https://registry.npmjs.org/@dnd-kit%2faccessibility cache-miss
104 silly fetch manifest scheduler@^0.23.2
105 silly packumentCache full:https://registry.npmjs.org/scheduler cache-miss
106 silly fetch manifest loose-envify@^1.1.0
107 silly packumentCache full:https://registry.npmjs.org/loose-envify cache-miss
108 silly fetch manifest loose-envify@^1.1.0
109 silly packumentCache full:https://registry.npmjs.org/loose-envify cache-miss
110 silly fetch manifest tslib@^2.0.0
111 silly packumentCache full:https://registry.npmjs.org/tslib cache-miss
112 silly fetch manifest tslib@^2.0.0
113 silly packumentCache full:https://registry.npmjs.org/tslib cache-miss
114 silly fetch manifest csstype@^3.2.2
115 silly packumentCache full:https://registry.npmjs.org/csstype cache-miss
116 silly fetch manifest @types/prop-types@*
117 silly packumentCache full:https://registry.npmjs.org/@types%2fprop-types cache-miss
118 http fetch GET 200 https://registry.npmjs.org/tslib 50ms (cache miss)
119 silly packumentCache full:https://registry.npmjs.org/tslib set size:undefined disposed:false
120 silly fetch manifest @babel/core@^7.28.0
121 silly packumentCache full:https://registry.npmjs.org/@babel%2fcore cache-miss
122 http fetch GET 200 https://registry.npmjs.org/loose-envify 114ms (cache miss)
123 silly packumentCache full:https://registry.npmjs.org/loose-envify set size:undefined disposed:false
124 silly fetch manifest react-refresh@^0.17.0
125 silly packumentCache full:https://registry.npmjs.org/react-refresh cache-miss
126 http fetch GET 200 https://registry.npmjs.org/tslib 119ms (cache miss)
127 silly packumentCache full:https://registry.npmjs.org/tslib set size:undefined disposed:false
128 silly fetch manifest @types/babel__core@^7.20.5
129 silly packumentCache full:https://registry.npmjs.org/@types%2fbabel__core cache-miss
130 http fetch GET 200 https://registry.npmjs.org/@babel%2fcore 72ms (cache miss)
131 silly packumentCache full:https://registry.npmjs.org/@babel%2fcore set size:undefined disposed:false
132 silly fetch manifest @rolldown/pluginutils@1.0.0-beta.27
133 silly packumentCache full:https://registry.npmjs.org/@rolldown%2fpluginutils cache-miss
134 http fetch GET 200 https://registry.npmjs.org/tslib 129ms (cache miss)
135 silly packumentCache full:https://registry.npmjs.org/tslib set size:undefined disposed:false
136 silly fetch manifest @babel/plugin-transform-react-jsx-self@^7.27.1
137 silly packumentCache full:https://registry.npmjs.org/@babel%2fplugin-transform-react-jsx-self cache-miss
138 http fetch GET 200 https://registry.npmjs.org/loose-envify 130ms (cache miss)
139 silly packumentCache full:https://registry.npmjs.org/loose-envify set size:undefined disposed:false
140 silly fetch manifest @babel/plugin-transform-react-jsx-source@^7.27.1
141 silly packumentCache full:https://registry.npmjs.org/@babel%2fplugin-transform-react-jsx-source cache-miss
142 http fetch GET 200 https://registry.npmjs.org/@dnd-kit%2faccessibility 133ms (cache miss)
143 silly packumentCache full:https://registry.npmjs.org/@dnd-kit%2faccessibility set size:undefined disposed:false
144 silly fetch manifest rollup@^4.20.0
145 silly packumentCache full:https://registry.npmjs.org/rollup cache-miss
146 http fetch GET 200 https://registry.npmjs.org/csstype 137ms (cache miss)
147 silly packumentCache full:https://registry.npmjs.org/csstype set size:undefined disposed:false
148 silly fetch manifest esbuild@^0.21.3
149 silly packumentCache full:https://registry.npmjs.org/esbuild cache-miss
150 http fetch GET 200 https://registry.npmjs.org/@types%2fbabel__core 46ms (cache miss)
151 silly packumentCache full:https://registry.npmjs.org/@types%2fbabel__core set size:undefined disposed:false
152 silly fetch manifest postcss@^8.4.43
153 silly packumentCache full:https://registry.npmjs.org/postcss cache-miss
154 http cache https://registry.npmjs.org/postcss 4ms (cache hit)
155 silly packumentCache full:https://registry.npmjs.org/postcss set size:702266 disposed:false
156 silly fetch manifest fsevents@~2.3.3
157 silly packumentCache full:https://registry.npmjs.org/fsevents cache-miss
158 http fetch GET 200 https://registry.npmjs.org/@rolldown%2fpluginutils 88ms (cache miss)
159 silly packumentCache full:https://registry.npmjs.org/@rolldown%2fpluginutils set size:undefined disposed:false
160 http fetch GET 200 https://registry.npmjs.org/@babel%2fplugin-transform-react-jsx-self 86ms (cache miss)
161 silly packumentCache full:https://registry.npmjs.org/@babel%2fplugin-transform-react-jsx-self set size:undefined disposed:false
162 http fetch GET 200 https://registry.npmjs.org/@babel%2fplugin-transform-react-jsx-source 89ms (cache miss)
163 silly packumentCache full:https://registry.npmjs.org/@babel%2fplugin-transform-react-jsx-source set size:undefined disposed:false
164 http fetch GET 200 https://registry.npmjs.org/fsevents 92ms (cache miss)
165 silly packumentCache full:https://registry.npmjs.org/fsevents set size:undefined disposed:false
166 http fetch GET 200 https://registry.npmjs.org/esbuild 161ms (cache miss)
167 silly packumentCache full:https://registry.npmjs.org/esbuild set size:undefined disposed:false
168 http fetch GET 200 https://registry.npmjs.org/@types%2fprop-types 348ms (cache miss)
169 silly packumentCache full:https://registry.npmjs.org/@types%2fprop-types set size:undefined disposed:false
170 http fetch GET 200 https://registry.npmjs.org/scheduler 379ms (cache miss)
171 silly packumentCache full:https://registry.npmjs.org/scheduler set size:undefined disposed:false
172 http fetch GET 200 https://registry.npmjs.org/rollup 315ms (cache miss)
173 silly packumentCache full:https://registry.npmjs.org/rollup set size:undefined disposed:false
174 http fetch GET 200 https://registry.npmjs.org/react-refresh 412ms (cache miss)
175 silly packumentCache full:https://registry.npmjs.org/react-refresh set size:undefined disposed:false
176 silly fetch manifest react@>=16.8.0
177 silly packumentCache full:https://registry.npmjs.org/react cache-miss
178 http cache https://registry.npmjs.org/react 10ms (cache hit)
179 silly packumentCache full:https://registry.npmjs.org/react set size:6543561 disposed:false
180 silly placeDep ROOT @dnd-kit/accessibility@3.1.1 OK for: @dnd-kit/core@6.3.1 want: ^3.1.1
181 silly placeDep ROOT tslib@2.8.1 OK for: @dnd-kit/core@6.3.1 want: ^2.0.0
182 silly placeDep ROOT @types/prop-types@15.7.15 OK for: @types/react@18.3.28 want: *
183 silly placeDep ROOT csstype@3.2.3 OK for: @types/react@18.3.28 want: ^3.2.2
184 silly placeDep ROOT @babel/core@7.29.0 OK for: @vitejs/plugin-react@4.7.0 want: ^7.28.0
185 silly placeDep ROOT @babel/plugin-transform-react-jsx-self@7.27.1 OK for: @vitejs/plugin-react@4.7.0 want: ^7.27.1
186 silly placeDep ROOT @babel/plugin-transform-react-jsx-source@7.27.1 OK for: @vitejs/plugin-react@4.7.0 want: ^7.27.1
187 silly placeDep ROOT @rolldown/pluginutils@1.0.0-beta.27 OK for: @vitejs/plugin-react@4.7.0 want: 1.0.0-beta.27
188 silly placeDep ROOT @types/babel__core@7.20.5 OK for: @vitejs/plugin-react@4.7.0 want: ^7.20.5
189 silly placeDep ROOT react-refresh@0.17.0 OK for: @vitejs/plugin-react@4.7.0 want: ^0.17.0
190 silly fetch manifest debug@^4.1.0
191 silly packumentCache full:https://registry.npmjs.org/debug cache-miss
192 silly fetch manifest json5@^2.2.3
193 silly packumentCache full:https://registry.npmjs.org/json5 cache-miss
194 silly fetch manifest semver@^6.3.1
195 silly packumentCache full:https://registry.npmjs.org/semver cache-miss
196 silly fetch manifest gensync@^1.0.0-beta.2
197 silly packumentCache full:https://registry.npmjs.org/gensync cache-miss
198 silly fetch manifest @babel/types@^7.29.0
199 silly packumentCache full:https://registry.npmjs.org/@babel%2ftypes cache-miss
200 silly fetch manifest @babel/parser@^7.29.0
201 silly packumentCache full:https://registry.npmjs.org/@babel%2fparser cache-miss
202 silly fetch manifest @babel/helpers@^7.28.6
203 silly packumentCache full:https://registry.npmjs.org/@babel%2fhelpers cache-miss
204 silly fetch manifest @babel/template@^7.28.6
205 silly packumentCache full:https://registry.npmjs.org/@babel%2ftemplate cache-miss
206 silly fetch manifest @babel/traverse@^7.29.0
207 silly packumentCache full:https://registry.npmjs.org/@babel%2ftraverse cache-miss
208 http fetch GET 200 https://registry.npmjs.org/gensync 42ms (cache miss)
209 silly packumentCache full:https://registry.npmjs.org/gensync set size:undefined disposed:false
210 silly fetch manifest @babel/generator@^7.29.0
211 silly packumentCache full:https://registry.npmjs.org/@babel%2fgenerator cache-miss
212 http fetch GET 200 https://registry.npmjs.org/json5 44ms (cache miss)
213 silly packumentCache full:https://registry.npmjs.org/json5 set size:undefined disposed:false
214 silly fetch manifest @babel/code-frame@^7.29.0
215 silly packumentCache full:https://registry.npmjs.org/@babel%2fcode-frame cache-miss
216 http fetch GET 200 https://registry.npmjs.org/debug 48ms (cache miss)
217 silly packumentCache full:https://registry.npmjs.org/debug set size:undefined disposed:false
218 silly fetch manifest convert-source-map@^2.0.0
219 silly packumentCache full:https://registry.npmjs.org/convert-source-map cache-miss
220 http fetch GET 200 https://registry.npmjs.org/semver 79ms (cache miss)
221 silly packumentCache full:https://registry.npmjs.org/semver set size:undefined disposed:false
222 silly fetch manifest @jridgewell/remapping@^2.3.5
223 silly packumentCache full:https://registry.npmjs.org/@jridgewell%2fremapping cache-miss
224 http fetch GET 200 https://registry.npmjs.org/@babel%2ftypes 94ms (cache miss)
225 silly packumentCache full:https://registry.npmjs.org/@babel%2ftypes set size:undefined disposed:false
226 silly fetch manifest @babel/helper-module-transforms@^7.28.6
227 silly packumentCache full:https://registry.npmjs.org/@babel%2fhelper-module-transforms cache-miss
228 http fetch GET 200 https://registry.npmjs.org/@babel%2fhelpers 101ms (cache miss)
229 silly packumentCache full:https://registry.npmjs.org/@babel%2fhelpers set size:undefined disposed:false
230 silly fetch manifest @babel/helper-compilation-targets@^7.28.6
231 silly packumentCache full:https://registry.npmjs.org/@babel%2fhelper-compilation-targets cache-miss
232 http fetch GET 200 https://registry.npmjs.org/@babel%2ftraverse 106ms (cache miss)
233 silly packumentCache full:https://registry.npmjs.org/@babel%2ftraverse set size:undefined disposed:false
234 silly fetch manifest @babel/helper-plugin-utils@^7.27.1
235 silly packumentCache full:https://registry.npmjs.org/@babel%2fhelper-plugin-utils cache-miss
236 http fetch GET 200 https://registry.npmjs.org/@babel%2ftemplate 109ms (cache miss)
237 silly packumentCache full:https://registry.npmjs.org/@babel%2ftemplate set size:undefined disposed:false
238 silly fetch manifest @babel/helper-plugin-utils@^7.27.1
239 silly packumentCache full:https://registry.npmjs.org/@babel%2fhelper-plugin-utils cache-miss
240 http fetch GET 200 https://registry.npmjs.org/convert-source-map 63ms (cache miss)
241 silly packumentCache full:https://registry.npmjs.org/convert-source-map set size:undefined disposed:false
242 silly fetch manifest @babel/types@^7.20.7
243 silly packumentCache full:https://registry.npmjs.org/@babel%2ftypes cache-miss
244 http fetch GET 200 https://registry.npmjs.org/@babel%2fparser 114ms (cache miss)
245 silly packumentCache full:https://registry.npmjs.org/@babel%2fparser set size:undefined disposed:false
246 silly fetch manifest @babel/parser@^7.20.7
247 silly packumentCache full:https://registry.npmjs.org/@babel%2fparser cache-miss
248 http fetch GET 200 https://registry.npmjs.org/@babel%2fcode-frame 72ms (cache miss)
249 silly packumentCache full:https://registry.npmjs.org/@babel%2fcode-frame set size:undefined disposed:false
250 silly fetch manifest @types/babel__template@*
251 silly packumentCache full:https://registry.npmjs.org/@types%2fbabel__template cache-miss
252 http cache https://registry.npmjs.org/@babel%2ftypes 5ms (cache hit)
253 silly packumentCache full:https://registry.npmjs.org/@babel%2ftypes set size:487885 disposed:false
254 silly fetch manifest @types/babel__traverse@*
255 silly packumentCache full:https://registry.npmjs.org/@types%2fbabel__traverse cache-miss
256 http cache https://registry.npmjs.org/@babel%2fparser 5ms (cache hit)
257 silly packumentCache full:https://registry.npmjs.org/@babel%2fparser set size:718758 disposed:false
258 silly fetch manifest @types/babel__generator@*
259 silly packumentCache full:https://registry.npmjs.org/@types%2fbabel__generator cache-miss
260 http fetch GET 200 https://registry.npmjs.org/@babel%2fgenerator 98ms (cache miss)
261 silly packumentCache full:https://registry.npmjs.org/@babel%2fgenerator set size:undefined disposed:false
262 http fetch GET 200 https://registry.npmjs.org/@types%2fbabel__traverse 53ms (cache miss)
263 silly packumentCache full:https://registry.npmjs.org/@types%2fbabel__traverse set size:undefined disposed:false
264 http fetch GET 200 https://registry.npmjs.org/@types%2fbabel__generator 52ms (cache miss)
265 silly packumentCache full:https://registry.npmjs.org/@types%2fbabel__generator set size:undefined disposed:false
266 http fetch GET 200 https://registry.npmjs.org/@jridgewell%2fremapping 95ms (cache miss)
267 silly packumentCache full:https://registry.npmjs.org/@jridgewell%2fremapping set size:undefined disposed:false
268 http fetch GET 200 https://registry.npmjs.org/@babel%2fhelper-compilation-targets 81ms (cache miss)
269 silly packumentCache full:https://registry.npmjs.org/@babel%2fhelper-compilation-targets set size:undefined disposed:false
270 http fetch GET 200 https://registry.npmjs.org/@babel%2fhelper-plugin-utils 75ms (cache miss)
271 silly packumentCache full:https://registry.npmjs.org/@babel%2fhelper-plugin-utils set size:undefined disposed:false
272 http fetch GET 200 https://registry.npmjs.org/@babel%2fhelper-plugin-utils 83ms (cache miss)
273 silly packumentCache full:https://registry.npmjs.org/@babel%2fhelper-plugin-utils set size:undefined disposed:false
274 http fetch GET 200 https://registry.npmjs.org/@babel%2fhelper-module-transforms 94ms (cache miss)
275 silly packumentCache full:https://registry.npmjs.org/@babel%2fhelper-module-transforms set size:undefined disposed:false
276 http fetch GET 200 https://registry.npmjs.org/@types%2fbabel__template 1059ms (cache miss)
277 silly packumentCache full:https://registry.npmjs.org/@types%2fbabel__template set size:undefined disposed:false
278 silly fetch manifest @babel/core@^7.0.0
279 silly packumentCache full:https://registry.npmjs.org/@babel%2fcore cache-miss
280 http cache https://registry.npmjs.org/@babel%2fcore 12ms (cache hit)
281 silly packumentCache full:https://registry.npmjs.org/@babel%2fcore set size:760113 disposed:false
282 silly placeDep ROOT @babel/code-frame@7.29.0 OK for: @babel/core@7.29.0 want: ^7.29.0
283 silly placeDep ROOT @babel/generator@7.29.1 OK for: @babel/core@7.29.0 want: ^7.29.0
284 silly placeDep ROOT @babel/helper-compilation-targets@7.28.6 OK for: @babel/core@7.29.0 want: ^7.28.6
285 silly placeDep ROOT @babel/helper-module-transforms@7.28.6 OK for: @babel/core@7.29.0 want: ^7.28.6
286 silly placeDep ROOT @babel/helpers@7.29.2 OK for: @babel/core@7.29.0 want: ^7.28.6
287 silly placeDep ROOT @babel/parser@7.29.2 OK for: @babel/core@7.29.0 want: ^7.29.0
288 silly placeDep ROOT @babel/template@7.28.6 OK for: @babel/core@7.29.0 want: ^7.28.6
289 silly placeDep ROOT @babel/traverse@7.29.0 OK for: @babel/core@7.29.0 want: ^7.29.0
290 silly placeDep ROOT @babel/types@7.29.0 OK for: @babel/core@7.29.0 want: ^7.29.0
291 silly placeDep ROOT @jridgewell/remapping@2.3.5 OK for: @babel/core@7.29.0 want: ^2.3.5
292 silly placeDep ROOT convert-source-map@2.0.0 OK for: @babel/core@7.29.0 want: ^2.0.0
293 silly placeDep ROOT debug@4.4.3 OK for: @babel/core@7.29.0 want: ^4.1.0
294 silly placeDep ROOT gensync@1.0.0-beta.2 OK for: @babel/core@7.29.0 want: ^1.0.0-beta.2
295 silly placeDep ROOT json5@2.2.3 OK for: @babel/core@7.29.0 want: ^2.2.3
296 silly placeDep ROOT semver@6.3.1 OK for: @babel/core@7.29.0 want: ^6.3.1
297 silly fetch manifest js-tokens@^4.0.0
298 silly packumentCache full:https://registry.npmjs.org/js-tokens cache-miss
299 silly fetch manifest picocolors@^1.1.1
300 silly packumentCache full:https://registry.npmjs.org/picocolors cache-miss
301 silly fetch manifest @babel/helper-validator-identifier@^7.28.5
302 silly packumentCache full:https://registry.npmjs.org/@babel%2fhelper-validator-identifier cache-miss
303 silly fetch manifest jsesc@^3.0.2
304 silly packumentCache full:https://registry.npmjs.org/jsesc cache-miss
305 silly fetch manifest @jridgewell/gen-mapping@^0.3.12
306 silly packumentCache full:https://registry.npmjs.org/@jridgewell%2fgen-mapping cache-miss
307 silly fetch manifest @jridgewell/trace-mapping@^0.3.28
308 silly packumentCache full:https://registry.npmjs.org/@jridgewell%2ftrace-mapping cache-miss
309 silly fetch manifest lru-cache@^5.1.1
310 silly packumentCache full:https://registry.npmjs.org/lru-cache cache-miss
311 silly fetch manifest browserslist@^4.24.0
312 silly packumentCache full:https://registry.npmjs.org/browserslist cache-miss
313 silly fetch manifest @babel/compat-data@^7.28.6
314 silly packumentCache full:https://registry.npmjs.org/@babel%2fcompat-data cache-miss
315 http fetch GET 200 https://registry.npmjs.org/picocolors 41ms (cache miss)
316 silly packumentCache full:https://registry.npmjs.org/picocolors set size:undefined disposed:false
317 silly fetch manifest @babel/helper-validator-option@^7.27.1
318 silly packumentCache full:https://registry.npmjs.org/@babel%2fhelper-validator-option cache-miss
319 http fetch GET 200 https://registry.npmjs.org/jsesc 44ms (cache miss)
320 silly packumentCache full:https://registry.npmjs.org/jsesc set size:undefined disposed:false
321 silly fetch manifest @babel/traverse@^7.28.6
322 silly packumentCache full:https://registry.npmjs.org/@babel%2ftraverse cache-miss
323 http cache https://registry.npmjs.org/@babel%2ftraverse 2ms (cache hit)
324 silly packumentCache full:https://registry.npmjs.org/@babel%2ftraverse set size:548722 disposed:false
325 silly fetch manifest @babel/helper-module-imports@^7.28.6
326 silly packumentCache full:https://registry.npmjs.org/@babel%2fhelper-module-imports cache-miss
327 http fetch GET 200 https://registry.npmjs.org/js-tokens 54ms (cache miss)
328 silly packumentCache full:https://registry.npmjs.org/js-tokens set size:undefined disposed:false
329 silly fetch manifest @babel/helper-validator-identifier@^7.28.5
330 silly packumentCache full:https://registry.npmjs.org/@babel%2fhelper-validator-identifier cache-miss
331 http fetch GET 200 https://registry.npmjs.org/@babel%2fhelper-validator-identifier 59ms (cache miss)
332 silly packumentCache full:https://registry.npmjs.org/@babel%2fhelper-validator-identifier set size:undefined disposed:false
333 silly fetch manifest @babel/types@^7.28.6
334 silly packumentCache full:https://registry.npmjs.org/@babel%2ftypes cache-hit
335 silly fetch manifest debug@^4.3.1
336 silly packumentCache full:https://registry.npmjs.org/debug cache-miss
337 http fetch GET 200 https://registry.npmjs.org/lru-cache 59ms (cache miss)
338 silly packumentCache full:https://registry.npmjs.org/lru-cache set size:undefined disposed:false
339 silly fetch manifest @babel/helper-globals@^7.28.0
340 silly packumentCache full:https://registry.npmjs.org/@babel%2fhelper-globals cache-miss
341 http cache https://registry.npmjs.org/debug 3ms (cache hit)
342 silly packumentCache full:https://registry.npmjs.org/debug set size:195840 disposed:false
343 silly fetch manifest @babel/helper-string-parser@^7.27.1
344 silly packumentCache full:https://registry.npmjs.org/@babel%2fhelper-string-parser cache-miss
345 http fetch GET 200 https://registry.npmjs.org/@jridgewell%2fgen-mapping 71ms (cache miss)
346 silly packumentCache full:https://registry.npmjs.org/@jridgewell%2fgen-mapping set size:undefined disposed:false
347 silly fetch manifest @jridgewell/gen-mapping@^0.3.5
348 silly packumentCache full:https://registry.npmjs.org/@jridgewell%2fgen-mapping cache-miss
349 http fetch GET 200 https://registry.npmjs.org/@babel%2fcompat-data 71ms (cache miss)
350 silly packumentCache full:https://registry.npmjs.org/@babel%2fcompat-data set size:undefined disposed:false
351 silly fetch manifest @jridgewell/trace-mapping@^0.3.24
352 silly packumentCache full:https://registry.npmjs.org/@jridgewell%2ftrace-mapping cache-miss
353 http cache https://registry.npmjs.org/@jridgewell%2fgen-mapping 2ms (cache hit)
354 silly packumentCache full:https://registry.npmjs.org/@jridgewell%2fgen-mapping set size:80719 disposed:false
355 silly fetch manifest ms@^2.1.3
356 silly packumentCache full:https://registry.npmjs.org/ms cache-miss
357 http fetch GET 200 https://registry.npmjs.org/browserslist 76ms (cache miss)
358 silly packumentCache full:https://registry.npmjs.org/browserslist set size:undefined disposed:false
359 http fetch GET 200 https://registry.npmjs.org/@jridgewell%2ftrace-mapping 79ms (cache miss)
360 silly packumentCache full:https://registry.npmjs.org/@jridgewell%2ftrace-mapping set size:undefined disposed:false
361 http fetch GET 200 https://registry.npmjs.org/@babel%2fhelper-validator-option 58ms (cache miss)
362 silly packumentCache full:https://registry.npmjs.org/@babel%2fhelper-validator-option set size:undefined disposed:false
363 http fetch GET 200 https://registry.npmjs.org/@babel%2fhelper-module-imports 68ms (cache miss)
364 silly packumentCache full:https://registry.npmjs.org/@babel%2fhelper-module-imports set size:undefined disposed:false
365 http fetch GET 200 https://registry.npmjs.org/@babel%2fhelper-string-parser 54ms (cache miss)
366 silly packumentCache full:https://registry.npmjs.org/@babel%2fhelper-string-parser set size:undefined disposed:false
367 http fetch GET 200 https://registry.npmjs.org/ms 49ms (cache miss)
368 silly packumentCache full:https://registry.npmjs.org/ms set size:undefined disposed:false
369 http fetch GET 200 https://registry.npmjs.org/@babel%2fhelper-globals 66ms (cache miss)
370 silly packumentCache full:https://registry.npmjs.org/@babel%2fhelper-globals set size:undefined disposed:false
371 http fetch GET 200 https://registry.npmjs.org/@jridgewell%2ftrace-mapping 55ms (cache miss)
372 silly packumentCache full:https://registry.npmjs.org/@jridgewell%2ftrace-mapping set size:undefined disposed:false
373 http fetch GET 200 https://registry.npmjs.org/@babel%2fhelper-validator-identifier 81ms (cache miss)
374 silly packumentCache full:https://registry.npmjs.org/@babel%2fhelper-validator-identifier set size:undefined disposed:false
375 silly placeDep ROOT @babel/helper-validator-identifier@7.28.5 OK for: @babel/code-frame@7.29.0 want: ^7.28.5
376 silly placeDep ROOT js-tokens@4.0.0 OK for: @babel/code-frame@7.29.0 want: ^4.0.0
377 silly placeDep ROOT picocolors@1.1.1 OK for: @babel/code-frame@7.29.0 want: ^1.1.1
378 silly placeDep ROOT @jridgewell/gen-mapping@0.3.13 OK for: @babel/generator@7.29.1 want: ^0.3.12
379 silly placeDep ROOT @jridgewell/trace-mapping@0.3.31 OK for: @babel/generator@7.29.1 want: ^0.3.28
380 silly placeDep ROOT jsesc@3.1.0 OK for: @babel/generator@7.29.1 want: ^3.0.2
381 silly fetch manifest @jridgewell/sourcemap-codec@^1.5.0
382 silly packumentCache full:https://registry.npmjs.org/@jridgewell%2fsourcemap-codec cache-miss
383 silly fetch manifest @jridgewell/resolve-uri@^3.1.0
384 silly packumentCache full:https://registry.npmjs.org/@jridgewell%2fresolve-uri cache-miss
385 silly fetch manifest @jridgewell/sourcemap-codec@^1.4.14
386 silly packumentCache full:https://registry.npmjs.org/@jridgewell%2fsourcemap-codec cache-miss
387 http fetch GET 200 https://registry.npmjs.org/@jridgewell%2fsourcemap-codec 54ms (cache miss)
388 silly packumentCache full:https://registry.npmjs.org/@jridgewell%2fsourcemap-codec set size:undefined disposed:false
389 http fetch GET 200 https://registry.npmjs.org/@jridgewell%2fsourcemap-codec 55ms (cache miss)
390 silly packumentCache full:https://registry.npmjs.org/@jridgewell%2fsourcemap-codec set size:undefined disposed:false
391 http fetch GET 200 https://registry.npmjs.org/@jridgewell%2fresolve-uri 63ms (cache miss)
392 silly packumentCache full:https://registry.npmjs.org/@jridgewell%2fresolve-uri set size:undefined disposed:false
393 silly placeDep ROOT @babel/compat-data@7.29.0 OK for: @babel/helper-compilation-targets@7.28.6 want: ^7.28.6
394 silly placeDep ROOT @babel/helper-validator-option@7.27.1 OK for: @babel/helper-compilation-targets@7.28.6 want: ^7.27.1
395 silly placeDep ROOT browserslist@4.28.1 OK for: @babel/helper-compilation-targets@7.28.6 want: ^4.24.0
396 silly placeDep ROOT lru-cache@5.1.1 OK for: @babel/helper-compilation-targets@7.28.6 want: ^5.1.1
397 silly fetch manifest baseline-browser-mapping@^2.9.0
398 silly packumentCache full:https://registry.npmjs.org/baseline-browser-mapping cache-miss
399 silly fetch manifest caniuse-lite@^1.0.30001759
400 silly packumentCache full:https://registry.npmjs.org/caniuse-lite cache-miss
401 silly fetch manifest electron-to-chromium@^1.5.263
402 silly packumentCache full:https://registry.npmjs.org/electron-to-chromium cache-miss
403 silly fetch manifest node-releases@^2.0.27
404 silly packumentCache full:https://registry.npmjs.org/node-releases cache-miss
405 silly fetch manifest update-browserslist-db@^1.2.0
406 silly packumentCache full:https://registry.npmjs.org/update-browserslist-db cache-miss
407 silly fetch manifest yallist@^3.0.2
408 silly packumentCache full:https://registry.npmjs.org/yallist cache-miss
409 http fetch GET 200 https://registry.npmjs.org/yallist 68ms (cache miss)
410 silly packumentCache full:https://registry.npmjs.org/yallist set size:undefined disposed:false
411 http fetch GET 200 https://registry.npmjs.org/update-browserslist-db 69ms (cache miss)
412 silly packumentCache full:https://registry.npmjs.org/update-browserslist-db set size:undefined disposed:false
413 http fetch GET 200 https://registry.npmjs.org/baseline-browser-mapping 120ms (cache miss)
414 silly packumentCache full:https://registry.npmjs.org/baseline-browser-mapping set size:undefined disposed:false
415 http fetch GET 200 https://registry.npmjs.org/node-releases 129ms (cache miss)
416 silly packumentCache full:https://registry.npmjs.org/node-releases set size:undefined disposed:false
417 http fetch GET 200 https://registry.npmjs.org/electron-to-chromium 453ms (cache miss)
418 silly packumentCache full:https://registry.npmjs.org/electron-to-chromium set size:undefined disposed:false
419 http fetch GET 200 https://registry.npmjs.org/caniuse-lite 556ms (cache miss)
420 silly packumentCache full:https://registry.npmjs.org/caniuse-lite set size:undefined disposed:false
421 silly placeDep ROOT @babel/helper-module-imports@7.28.6 OK for: @babel/helper-module-transforms@7.28.6 want: ^7.28.6
422 silly placeDep ROOT @babel/helper-plugin-utils@7.28.6 OK for: @babel/plugin-transform-react-jsx-self@7.27.1 want: ^7.27.1
423 silly placeDep ROOT @babel/helper-globals@7.28.0 OK for: @babel/traverse@7.29.0 want: ^7.28.0
424 silly placeDep ROOT @babel/helper-string-parser@7.27.1 OK for: @babel/types@7.29.0 want: ^7.27.1
425 silly placeDep ROOT @jridgewell/sourcemap-codec@1.5.5 OK for: @jridgewell/gen-mapping@0.3.13 want: ^1.5.0
426 silly placeDep ROOT @jridgewell/resolve-uri@3.1.2 OK for: @jridgewell/trace-mapping@0.3.31 want: ^3.1.0
427 silly placeDep ROOT @types/babel__generator@7.27.0 OK for: @types/babel__core@7.20.5 want: *
428 silly placeDep ROOT @types/babel__template@7.4.4 OK for: @types/babel__core@7.20.5 want: *
429 silly placeDep ROOT @types/babel__traverse@7.28.0 OK for: @types/babel__core@7.20.5 want: *
430 silly fetch manifest browserslist@>= 4.21.0
431 silly packumentCache full:https://registry.npmjs.org/browserslist cache-miss
432 http cache https://registry.npmjs.org/browserslist 3ms (cache hit)
433 silly packumentCache full:https://registry.npmjs.org/browserslist set size:502989 disposed:false
434 silly placeDep ROOT baseline-browser-mapping@2.10.8 OK for: browserslist@4.28.1 want: ^2.9.0
435 silly placeDep ROOT caniuse-lite@1.0.30001780 OK for: browserslist@4.28.1 want: ^1.0.30001759
436 silly placeDep ROOT electron-to-chromium@1.5.313 OK for: browserslist@4.28.1 want: ^1.5.263
437 silly placeDep ROOT node-releases@2.0.36 OK for: browserslist@4.28.1 want: ^2.0.27
438 silly placeDep ROOT update-browserslist-db@1.2.3 OK for: browserslist@4.28.1 want: ^1.2.0
439 silly fetch manifest escalade@^3.2.0
440 silly packumentCache full:https://registry.npmjs.org/escalade cache-miss
441 http fetch GET 200 https://registry.npmjs.org/escalade 125ms (cache miss)
442 silly packumentCache full:https://registry.npmjs.org/escalade set size:undefined disposed:false
443 silly placeDep ROOT ms@2.1.3 OK for: debug@4.4.3 want: ^2.1.3
444 silly placeDep ROOT yallist@3.1.1 OK for: lru-cache@5.1.1 want: ^3.0.2
445 silly placeDep ROOT loose-envify@1.4.0 OK for: react@18.3.1 want: ^1.1.0
446 silly placeDep ROOT scheduler@0.23.2 OK for: react-dom@18.3.1 want: ^0.23.2
447 silly placeDep ROOT escalade@3.2.0 OK for: update-browserslist-db@1.2.3 want: ^3.2.0
448 silly placeDep ROOT esbuild@0.21.5 OK for: vite@5.4.21 want: ^0.21.3
449 silly placeDep ROOT fsevents@2.3.3 OK for: vite@5.4.21 want: ~2.3.3
450 silly placeDep ROOT postcss@8.5.8 OK for: vite@5.4.21 want: ^8.4.43
451 silly placeDep ROOT rollup@4.59.0 OK for: vite@5.4.21 want: ^4.20.0
452 silly fetch manifest @esbuild/aix-ppc64@0.21.5
453 silly packumentCache full:https://registry.npmjs.org/@esbuild%2faix-ppc64 cache-miss
454 silly fetch manifest @esbuild/linux-arm@0.21.5
455 silly packumentCache full:https://registry.npmjs.org/@esbuild%2flinux-arm cache-miss
456 silly fetch manifest @esbuild/linux-x64@0.21.5
457 silly packumentCache full:https://registry.npmjs.org/@esbuild%2flinux-x64 cache-miss
458 silly fetch manifest @esbuild/sunos-x64@0.21.5
459 silly packumentCache full:https://registry.npmjs.org/@esbuild%2fsunos-x64 cache-miss
460 silly fetch manifest @esbuild/win32-x64@0.21.5
461 silly packumentCache full:https://registry.npmjs.org/@esbuild%2fwin32-x64 cache-miss
462 silly fetch manifest @esbuild/darwin-x64@0.21.5
463 silly packumentCache full:https://registry.npmjs.org/@esbuild%2fdarwin-x64 cache-miss
464 silly fetch manifest @esbuild/linux-ia32@0.21.5
465 silly packumentCache full:https://registry.npmjs.org/@esbuild%2flinux-ia32 cache-miss
466 silly fetch manifest @esbuild/netbsd-x64@0.21.5
467 silly packumentCache full:https://registry.npmjs.org/@esbuild%2fnetbsd-x64 cache-miss
468 silly fetch manifest @esbuild/win32-ia32@0.21.5
469 silly packumentCache full:https://registry.npmjs.org/@esbuild%2fwin32-ia32 cache-miss
470 http fetch GET 200 https://registry.npmjs.org/@esbuild%2fsunos-x64 150ms (cache miss)
471 silly packumentCache full:https://registry.npmjs.org/@esbuild%2fsunos-x64 set size:undefined disposed:false
472 silly fetch manifest @esbuild/android-arm@0.21.5
473 silly packumentCache full:https://registry.npmjs.org/@esbuild%2fandroid-arm cache-miss
474 http fetch GET 200 https://registry.npmjs.org/@esbuild%2fdarwin-x64 151ms (cache miss)
475 silly packumentCache full:https://registry.npmjs.org/@esbuild%2fdarwin-x64 set size:undefined disposed:false
476 silly fetch manifest @esbuild/android-x64@0.21.5
477 silly packumentCache full:https://registry.npmjs.org/@esbuild%2fandroid-x64 cache-miss
478 http fetch GET 200 https://registry.npmjs.org/@esbuild%2faix-ppc64 158ms (cache miss)
479 silly packumentCache full:https://registry.npmjs.org/@esbuild%2faix-ppc64 set size:undefined disposed:false
480 silly fetch manifest @esbuild/freebsd-x64@0.21.5
481 silly packumentCache full:https://registry.npmjs.org/@esbuild%2ffreebsd-x64 cache-miss
482 http fetch GET 200 https://registry.npmjs.org/@esbuild%2flinux-arm 164ms (cache miss)
483 silly packumentCache full:https://registry.npmjs.org/@esbuild%2flinux-arm set size:undefined disposed:false
484 silly fetch manifest @esbuild/linux-arm64@0.21.5
485 silly packumentCache full:https://registry.npmjs.org/@esbuild%2flinux-arm64 cache-miss
486 http fetch GET 200 https://registry.npmjs.org/@esbuild%2flinux-x64 165ms (cache miss)
487 silly packumentCache full:https://registry.npmjs.org/@esbuild%2flinux-x64 set size:undefined disposed:false
488 silly fetch manifest @esbuild/linux-ppc64@0.21.5
489 silly packumentCache full:https://registry.npmjs.org/@esbuild%2flinux-ppc64 cache-miss
490 http fetch GET 200 https://registry.npmjs.org/@esbuild%2fwin32-x64 330ms (cache miss)
491 silly packumentCache full:https://registry.npmjs.org/@esbuild%2fwin32-x64 set size:undefined disposed:false
492 silly fetch manifest @esbuild/linux-s390x@0.21.5
493 silly packumentCache full:https://registry.npmjs.org/@esbuild%2flinux-s390x cache-miss
494 http fetch GET 200 https://registry.npmjs.org/@esbuild%2flinux-ia32 344ms (cache miss)
495 silly packumentCache full:https://registry.npmjs.org/@esbuild%2flinux-ia32 set size:undefined disposed:false
496 silly fetch manifest @esbuild/openbsd-x64@0.21.5
497 silly packumentCache full:https://registry.npmjs.org/@esbuild%2fopenbsd-x64 cache-miss
498 http fetch GET 200 https://registry.npmjs.org/@esbuild%2fnetbsd-x64 345ms (cache miss)
499 silly packumentCache full:https://registry.npmjs.org/@esbuild%2fnetbsd-x64 set size:undefined disposed:false
500 silly fetch manifest @esbuild/win32-arm64@0.21.5
501 silly packumentCache full:https://registry.npmjs.org/@esbuild%2fwin32-arm64 cache-miss
502 http fetch GET 200 https://registry.npmjs.org/@esbuild%2fwin32-ia32 347ms (cache miss)
503 silly packumentCache full:https://registry.npmjs.org/@esbuild%2fwin32-ia32 set size:undefined disposed:false
504 silly fetch manifest @esbuild/darwin-arm64@0.21.5
505 silly packumentCache full:https://registry.npmjs.org/@esbuild%2fdarwin-arm64 cache-miss
506 http fetch GET 200 https://registry.npmjs.org/@esbuild%2fandroid-x64 197ms (cache miss)
507 silly packumentCache full:https://registry.npmjs.org/@esbuild%2fandroid-x64 set size:undefined disposed:false
508 silly fetch manifest @esbuild/android-arm64@0.21.5
509 silly packumentCache full:https://registry.npmjs.org/@esbuild%2fandroid-arm64 cache-miss
510 http fetch GET 200 https://registry.npmjs.org/@esbuild%2fandroid-arm 208ms (cache miss)
511 silly packumentCache full:https://registry.npmjs.org/@esbuild%2fandroid-arm set size:undefined disposed:false
512 silly fetch manifest @esbuild/freebsd-arm64@0.21.5
513 silly packumentCache full:https://registry.npmjs.org/@esbuild%2ffreebsd-arm64 cache-miss
514 http fetch GET 200 https://registry.npmjs.org/@esbuild%2ffreebsd-x64 203ms (cache miss)
515 silly packumentCache full:https://registry.npmjs.org/@esbuild%2ffreebsd-x64 set size:undefined disposed:false
516 silly fetch manifest @esbuild/linux-loong64@0.21.5
517 silly packumentCache full:https://registry.npmjs.org/@esbuild%2flinux-loong64 cache-miss
518 http fetch GET 200 https://registry.npmjs.org/@esbuild%2flinux-arm64 330ms (cache miss)
519 silly packumentCache full:https://registry.npmjs.org/@esbuild%2flinux-arm64 set size:undefined disposed:false
520 silly fetch manifest @esbuild/linux-riscv64@0.21.5
521 silly packumentCache full:https://registry.npmjs.org/@esbuild%2flinux-riscv64 cache-miss
522 http fetch GET 200 https://registry.npmjs.org/@esbuild%2flinux-ppc64 334ms (cache miss)
523 silly packumentCache full:https://registry.npmjs.org/@esbuild%2flinux-ppc64 set size:undefined disposed:false
524 silly fetch manifest @esbuild/linux-mips64el@0.21.5
525 silly packumentCache full:https://registry.npmjs.org/@esbuild%2flinux-mips64el cache-miss
526 http fetch GET 200 https://registry.npmjs.org/@esbuild%2flinux-s390x 181ms (cache miss)
527 silly packumentCache full:https://registry.npmjs.org/@esbuild%2flinux-s390x set size:undefined disposed:false
528 silly fetch manifest nanoid@^3.3.11
529 silly packumentCache full:https://registry.npmjs.org/nanoid cache-miss
530 http fetch GET 200 https://registry.npmjs.org/@esbuild%2fopenbsd-x64 173ms (cache miss)
531 silly packumentCache full:https://registry.npmjs.org/@esbuild%2fopenbsd-x64 set size:undefined disposed:false
532 silly fetch manifest source-map-js@^1.2.1
533 silly packumentCache full:https://registry.npmjs.org/source-map-js cache-miss
534 http fetch GET 200 https://registry.npmjs.org/@esbuild%2fandroid-arm64 171ms (cache miss)
535 silly packumentCache full:https://registry.npmjs.org/@esbuild%2fandroid-arm64 set size:undefined disposed:false
536 silly fetch manifest @types/estree@1.0.8
537 silly packumentCache full:https://registry.npmjs.org/@types%2festree cache-miss
538 http fetch GET 200 https://registry.npmjs.org/@esbuild%2fwin32-arm64 183ms (cache miss)
539 silly packumentCache full:https://registry.npmjs.org/@esbuild%2fwin32-arm64 set size:undefined disposed:false
540 silly fetch manifest @rollup/rollup-darwin-arm64@4.59.0
541 silly packumentCache full:https://registry.npmjs.org/@rollup%2frollup-darwin-arm64 cache-miss
542 http fetch GET 200 https://registry.npmjs.org/@esbuild%2fdarwin-arm64 337ms (cache miss)
543 silly packumentCache full:https://registry.npmjs.org/@esbuild%2fdarwin-arm64 set size:undefined disposed:false
544 silly fetch manifest @rollup/rollup-android-arm64@4.59.0
545 silly packumentCache full:https://registry.npmjs.org/@rollup%2frollup-android-arm64 cache-miss
546 http fetch GET 200 https://registry.npmjs.org/@esbuild%2flinux-riscv64 212ms (cache miss)
547 silly packumentCache full:https://registry.npmjs.org/@esbuild%2flinux-riscv64 set size:undefined disposed:false
548 silly fetch manifest @rollup/rollup-win32-arm64-msvc@4.59.0
549 silly packumentCache full:https://registry.npmjs.org/@rollup%2frollup-win32-arm64-msvc cache-miss
550 http fetch GET 200 https://registry.npmjs.org/@esbuild%2flinux-loong64 347ms (cache miss)
551 silly packumentCache full:https://registry.npmjs.org/@esbuild%2flinux-loong64 set size:undefined disposed:false
552 silly fetch manifest @rollup/rollup-freebsd-arm64@4.59.0
553 silly packumentCache full:https://registry.npmjs.org/@rollup%2frollup-freebsd-arm64 cache-miss
554 http fetch GET 200 https://registry.npmjs.org/@esbuild%2ffreebsd-arm64 350ms (cache miss)
555 silly packumentCache full:https://registry.npmjs.org/@esbuild%2ffreebsd-arm64 set size:undefined disposed:false
556 silly fetch manifest @rollup/rollup-linux-arm64-gnu@4.59.0
557 silly packumentCache full:https://registry.npmjs.org/@rollup%2frollup-linux-arm64-gnu cache-miss
558 http fetch GET 200 https://registry.npmjs.org/source-map-js 360ms (cache miss)
559 silly packumentCache full:https://registry.npmjs.org/source-map-js set size:undefined disposed:false
560 silly fetch manifest @rollup/rollup-linux-arm64-musl@4.59.0
561 silly packumentCache full:https://registry.npmjs.org/@rollup%2frollup-linux-arm64-musl cache-miss
562 http fetch GET 200 https://registry.npmjs.org/nanoid 372ms (cache miss)
563 silly packumentCache full:https://registry.npmjs.org/nanoid set size:undefined disposed:false
564 silly fetch manifest @rollup/rollup-android-arm-eabi@4.59.0
565 silly packumentCache full:https://registry.npmjs.org/@rollup%2frollup-android-arm-eabi cache-miss
566 http fetch GET 200 https://registry.npmjs.org/@esbuild%2flinux-mips64el 388ms (cache miss)
567 silly packumentCache full:https://registry.npmjs.org/@esbuild%2flinux-mips64el set size:undefined disposed:false
568 silly fetch manifest @rollup/rollup-linux-arm-gnueabihf@4.59.0
569 silly packumentCache full:https://registry.npmjs.org/@rollup%2frollup-linux-arm-gnueabihf cache-miss
570 http fetch GET 200 https://registry.npmjs.org/@types%2festree 367ms (cache miss)
571 silly packumentCache full:https://registry.npmjs.org/@types%2festree set size:undefined disposed:false
572 silly fetch manifest @rollup/rollup-linux-arm-musleabihf@4.59.0
573 silly packumentCache full:https://registry.npmjs.org/@rollup%2frollup-linux-arm-musleabihf cache-miss
574 http fetch GET 200 https://registry.npmjs.org/@rollup%2frollup-android-arm64 203ms (cache miss)
575 silly packumentCache full:https://registry.npmjs.org/@rollup%2frollup-android-arm64 set size:undefined disposed:false
576 silly fetch manifest @rollup/rollup-win32-ia32-msvc@4.59.0
577 silly packumentCache full:https://registry.npmjs.org/@rollup%2frollup-win32-ia32-msvc cache-miss
578 http fetch GET 200 https://registry.npmjs.org/@rollup%2frollup-darwin-arm64 361ms (cache miss)
579 silly packumentCache full:https://registry.npmjs.org/@rollup%2frollup-darwin-arm64 set size:undefined disposed:false
580 silly fetch manifest @rollup/rollup-linux-loong64-gnu@4.59.0
581 silly packumentCache full:https://registry.npmjs.org/@rollup%2frollup-linux-loong64-gnu cache-miss
582 http fetch GET 200 https://registry.npmjs.org/@rollup%2frollup-freebsd-arm64 327ms (cache miss)
583 silly packumentCache full:https://registry.npmjs.org/@rollup%2frollup-freebsd-arm64 set size:undefined disposed:false
584 silly fetch manifest @rollup/rollup-linux-loong64-musl@4.59.0
585 silly packumentCache full:https://registry.npmjs.org/@rollup%2frollup-linux-loong64-musl cache-miss
586 http fetch GET 200 https://registry.npmjs.org/@rollup%2frollup-win32-arm64-msvc 344ms (cache miss)
587 silly packumentCache full:https://registry.npmjs.org/@rollup%2frollup-win32-arm64-msvc set size:undefined disposed:false
588 silly fetch manifest @rollup/rollup-linux-riscv64-gnu@4.59.0
589 silly packumentCache full:https://registry.npmjs.org/@rollup%2frollup-linux-riscv64-gnu cache-miss
590 http fetch GET 200 https://registry.npmjs.org/@rollup%2frollup-linux-arm64-gnu 346ms (cache miss)
591 silly packumentCache full:https://registry.npmjs.org/@rollup%2frollup-linux-arm64-gnu set size:undefined disposed:false
592 silly fetch manifest @rollup/rollup-linux-riscv64-musl@4.59.0
593 silly packumentCache full:https://registry.npmjs.org/@rollup%2frollup-linux-riscv64-musl cache-miss
594 http fetch GET 200 https://registry.npmjs.org/@rollup%2frollup-linux-arm64-musl 182ms (cache miss)
595 silly packumentCache full:https://registry.npmjs.org/@rollup%2frollup-linux-arm64-musl set size:undefined disposed:false
596 silly fetch manifest @rollup/rollup-linux-ppc64-gnu@4.59.0
597 silly packumentCache full:https://registry.npmjs.org/@rollup%2frollup-linux-ppc64-gnu cache-miss
598 http fetch GET 200 https://registry.npmjs.org/@rollup%2frollup-linux-loong64-musl 183ms (cache miss)
599 silly packumentCache full:https://registry.npmjs.org/@rollup%2frollup-linux-loong64-musl set size:undefined disposed:false
600 silly fetch manifest @rollup/rollup-linux-ppc64-musl@4.59.0
601 silly packumentCache full:https://registry.npmjs.org/@rollup%2frollup-linux-ppc64-musl cache-miss
602 http fetch GET 200 https://registry.npmjs.org/@rollup%2frollup-linux-riscv64-musl 166ms (cache miss)
603 silly packumentCache full:https://registry.npmjs.org/@rollup%2frollup-linux-riscv64-musl set size:undefined disposed:false
604 silly fetch manifest @rollup/rollup-linux-s390x-gnu@4.59.0
605 silly packumentCache full:https://registry.npmjs.org/@rollup%2frollup-linux-s390x-gnu cache-miss
606 http fetch GET 200 https://registry.npmjs.org/@rollup%2frollup-linux-loong64-gnu 335ms (cache miss)
607 silly packumentCache full:https://registry.npmjs.org/@rollup%2frollup-linux-loong64-gnu set size:undefined disposed:false
608 silly fetch manifest @rollup/rollup-darwin-x64@4.59.0
609 silly packumentCache full:https://registry.npmjs.org/@rollup%2frollup-darwin-x64 cache-miss
610 http fetch GET 200 https://registry.npmjs.org/@rollup%2frollup-linux-ppc64-gnu 167ms (cache miss)
611 silly packumentCache full:https://registry.npmjs.org/@rollup%2frollup-linux-ppc64-gnu set size:undefined disposed:false
612 silly fetch manifest @rollup/rollup-win32-x64-gnu@4.59.0
613 silly packumentCache full:https://registry.npmjs.org/@rollup%2frollup-win32-x64-gnu cache-miss
614 http fetch GET 200 https://registry.npmjs.org/@rollup%2frollup-linux-riscv64-gnu 174ms (cache miss)
615 silly packumentCache full:https://registry.npmjs.org/@rollup%2frollup-linux-riscv64-gnu set size:undefined disposed:false
616 silly fetch manifest @rollup/rollup-win32-x64-msvc@4.59.0
617 silly packumentCache full:https://registry.npmjs.org/@rollup%2frollup-win32-x64-msvc cache-miss
618 http fetch GET 200 https://registry.npmjs.org/@rollup%2frollup-linux-arm-musleabihf 342ms (cache miss)
619 silly packumentCache full:https://registry.npmjs.org/@rollup%2frollup-linux-arm-musleabihf set size:undefined disposed:false
620 silly fetch manifest @rollup/rollup-freebsd-x64@4.59.0
621 silly packumentCache full:https://registry.npmjs.org/@rollup%2frollup-freebsd-x64 cache-miss
622 http fetch GET 200 https://registry.npmjs.org/@rollup%2frollup-linux-arm-gnueabihf 344ms (cache miss)
623 silly packumentCache full:https://registry.npmjs.org/@rollup%2frollup-linux-arm-gnueabihf set size:undefined disposed:false
624 silly fetch manifest @rollup/rollup-linux-x64-gnu@4.59.0
625 silly packumentCache full:https://registry.npmjs.org/@rollup%2frollup-linux-x64-gnu cache-miss
626 http fetch GET 200 https://registry.npmjs.org/@rollup%2frollup-android-arm-eabi 348ms (cache miss)
627 silly packumentCache full:https://registry.npmjs.org/@rollup%2frollup-android-arm-eabi set size:undefined disposed:false
628 silly fetch manifest @rollup/rollup-linux-x64-musl@4.59.0
629 silly packumentCache full:https://registry.npmjs.org/@rollup%2frollup-linux-x64-musl cache-miss
630 http fetch GET 200 https://registry.npmjs.org/@rollup%2frollup-win32-ia32-msvc 345ms (cache miss)
631 silly packumentCache full:https://registry.npmjs.org/@rollup%2frollup-win32-ia32-msvc set size:undefined disposed:false
632 silly fetch manifest @rollup/rollup-openbsd-x64@4.59.0
633 silly packumentCache full:https://registry.npmjs.org/@rollup%2frollup-openbsd-x64 cache-miss
634 http fetch GET 200 https://registry.npmjs.org/@rollup%2frollup-linux-ppc64-musl 173ms (cache miss)
635 silly packumentCache full:https://registry.npmjs.org/@rollup%2frollup-linux-ppc64-musl set size:undefined disposed:false
636 silly fetch manifest @rollup/rollup-openharmony-arm64@4.59.0
637 silly packumentCache full:https://registry.npmjs.org/@rollup%2frollup-openharmony-arm64 cache-miss
638 http fetch GET 200 https://registry.npmjs.org/@rollup%2frollup-win32-x64-gnu 170ms (cache miss)
639 silly packumentCache full:https://registry.npmjs.org/@rollup%2frollup-win32-x64-gnu set size:undefined disposed:false
640 http fetch GET 200 https://registry.npmjs.org/@rollup%2frollup-freebsd-x64 169ms (cache miss)
641 silly packumentCache full:https://registry.npmjs.org/@rollup%2frollup-freebsd-x64 set size:undefined disposed:false
642 http fetch GET 200 https://registry.npmjs.org/@rollup%2frollup-linux-s390x-gnu 176ms (cache miss)
643 silly packumentCache full:https://registry.npmjs.org/@rollup%2frollup-linux-s390x-gnu set size:undefined disposed:false
644 http fetch GET 200 https://registry.npmjs.org/@rollup%2frollup-openbsd-x64 168ms (cache miss)
645 silly packumentCache full:https://registry.npmjs.org/@rollup%2frollup-openbsd-x64 set size:undefined disposed:false
646 http fetch GET 200 https://registry.npmjs.org/@rollup%2frollup-win32-x64-msvc 174ms (cache miss)
647 silly packumentCache full:https://registry.npmjs.org/@rollup%2frollup-win32-x64-msvc set size:undefined disposed:false
648 http fetch GET 200 https://registry.npmjs.org/@rollup%2frollup-linux-x64-musl 171ms (cache miss)
649 silly packumentCache full:https://registry.npmjs.org/@rollup%2frollup-linux-x64-musl set size:undefined disposed:false
650 http fetch GET 200 https://registry.npmjs.org/@rollup%2frollup-linux-x64-gnu 174ms (cache miss)
651 silly packumentCache full:https://registry.npmjs.org/@rollup%2frollup-linux-x64-gnu set size:undefined disposed:false
652 http fetch GET 200 https://registry.npmjs.org/@rollup%2frollup-darwin-x64 184ms (cache miss)
653 silly packumentCache full:https://registry.npmjs.org/@rollup%2frollup-darwin-x64 set size:undefined disposed:false
654 http fetch GET 200 https://registry.npmjs.org/@rollup%2frollup-openharmony-arm64 158ms (cache miss)
655 silly packumentCache full:https://registry.npmjs.org/@rollup%2frollup-openharmony-arm64 set size:undefined disposed:false
656 silly placeDep ROOT @esbuild/aix-ppc64@0.21.5 OK for: esbuild@0.21.5 want: 0.21.5
657 silly placeDep ROOT @esbuild/android-arm@0.21.5 OK for: esbuild@0.21.5 want: 0.21.5
658 silly placeDep ROOT @esbuild/android-arm64@0.21.5 OK for: esbuild@0.21.5 want: 0.21.5
659 silly placeDep ROOT @esbuild/android-x64@0.21.5 OK for: esbuild@0.21.5 want: 0.21.5
660 silly placeDep ROOT @esbuild/darwin-arm64@0.21.5 OK for: esbuild@0.21.5 want: 0.21.5
661 silly placeDep ROOT @esbuild/darwin-x64@0.21.5 OK for: esbuild@0.21.5 want: 0.21.5
662 silly placeDep ROOT @esbuild/freebsd-arm64@0.21.5 OK for: esbuild@0.21.5 want: 0.21.5
663 silly placeDep ROOT @esbuild/freebsd-x64@0.21.5 OK for: esbuild@0.21.5 want: 0.21.5
664 silly placeDep ROOT @esbuild/linux-arm@0.21.5 OK for: esbuild@0.21.5 want: 0.21.5
665 silly placeDep ROOT @esbuild/linux-arm64@0.21.5 OK for: esbuild@0.21.5 want: 0.21.5
666 silly placeDep ROOT @esbuild/linux-ia32@0.21.5 OK for: esbuild@0.21.5 want: 0.21.5
667 silly placeDep ROOT @esbuild/linux-loong64@0.21.5 OK for: esbuild@0.21.5 want: 0.21.5
668 silly placeDep ROOT @esbuild/linux-mips64el@0.21.5 OK for: esbuild@0.21.5 want: 0.21.5
669 silly placeDep ROOT @esbuild/linux-ppc64@0.21.5 OK for: esbuild@0.21.5 want: 0.21.5
670 silly placeDep ROOT @esbuild/linux-riscv64@0.21.5 OK for: esbuild@0.21.5 want: 0.21.5
671 silly placeDep ROOT @esbuild/linux-s390x@0.21.5 OK for: esbuild@0.21.5 want: 0.21.5
672 silly placeDep ROOT @esbuild/linux-x64@0.21.5 OK for: esbuild@0.21.5 want: 0.21.5
673 silly placeDep ROOT @esbuild/netbsd-x64@0.21.5 OK for: esbuild@0.21.5 want: 0.21.5
674 silly placeDep ROOT @esbuild/openbsd-x64@0.21.5 OK for: esbuild@0.21.5 want: 0.21.5
675 silly placeDep ROOT @esbuild/sunos-x64@0.21.5 OK for: esbuild@0.21.5 want: 0.21.5
676 silly placeDep ROOT @esbuild/win32-arm64@0.21.5 OK for: esbuild@0.21.5 want: 0.21.5
677 silly placeDep ROOT @esbuild/win32-ia32@0.21.5 OK for: esbuild@0.21.5 want: 0.21.5
678 silly placeDep ROOT @esbuild/win32-x64@0.21.5 OK for: esbuild@0.21.5 want: 0.21.5
679 silly placeDep ROOT nanoid@3.3.11 OK for: postcss@8.5.8 want: ^3.3.11
680 silly placeDep ROOT source-map-js@1.2.1 OK for: postcss@8.5.8 want: ^1.2.1
681 silly placeDep ROOT @rollup/rollup-android-arm-eabi@4.59.0 OK for: rollup@4.59.0 want: 4.59.0
682 silly placeDep ROOT @rollup/rollup-android-arm64@4.59.0 OK for: rollup@4.59.0 want: 4.59.0
683 silly placeDep ROOT @rollup/rollup-darwin-arm64@4.59.0 OK for: rollup@4.59.0 want: 4.59.0
684 silly placeDep ROOT @rollup/rollup-darwin-x64@4.59.0 OK for: rollup@4.59.0 want: 4.59.0
685 silly placeDep ROOT @rollup/rollup-freebsd-arm64@4.59.0 OK for: rollup@4.59.0 want: 4.59.0
686 silly placeDep ROOT @rollup/rollup-freebsd-x64@4.59.0 OK for: rollup@4.59.0 want: 4.59.0
687 silly placeDep ROOT @rollup/rollup-linux-arm-gnueabihf@4.59.0 OK for: rollup@4.59.0 want: 4.59.0
688 silly placeDep ROOT @rollup/rollup-linux-arm-musleabihf@4.59.0 OK for: rollup@4.59.0 want: 4.59.0
689 silly placeDep ROOT @rollup/rollup-linux-arm64-gnu@4.59.0 OK for: rollup@4.59.0 want: 4.59.0
690 silly placeDep ROOT @rollup/rollup-linux-arm64-musl@4.59.0 OK for: rollup@4.59.0 want: 4.59.0
691 silly placeDep ROOT @rollup/rollup-linux-loong64-gnu@4.59.0 OK for: rollup@4.59.0 want: 4.59.0
692 silly placeDep ROOT @rollup/rollup-linux-loong64-musl@4.59.0 OK for: rollup@4.59.0 want: 4.59.0
693 silly placeDep ROOT @rollup/rollup-linux-ppc64-gnu@4.59.0 OK for: rollup@4.59.0 want: 4.59.0
694 silly placeDep ROOT @rollup/rollup-linux-ppc64-musl@4.59.0 OK for: rollup@4.59.0 want: 4.59.0
695 silly placeDep ROOT @rollup/rollup-linux-riscv64-gnu@4.59.0 OK for: rollup@4.59.0 want: 4.59.0
696 silly placeDep ROOT @rollup/rollup-linux-riscv64-musl@4.59.0 OK for: rollup@4.59.0 want: 4.59.0
697 silly placeDep ROOT @rollup/rollup-linux-s390x-gnu@4.59.0 OK for: rollup@4.59.0 want: 4.59.0
698 silly placeDep ROOT @rollup/rollup-linux-x64-gnu@4.59.0 OK for: rollup@4.59.0 want: 4.59.0
699 silly placeDep ROOT @rollup/rollup-linux-x64-musl@4.59.0 OK for: rollup@4.59.0 want: 4.59.0
700 silly placeDep ROOT @rollup/rollup-openbsd-x64@4.59.0 OK for: rollup@4.59.0 want: 4.59.0
701 silly placeDep ROOT @rollup/rollup-openharmony-arm64@4.59.0 OK for: rollup@4.59.0 want: 4.59.0
702 silly placeDep ROOT @rollup/rollup-win32-arm64-msvc@4.59.0 OK for: rollup@4.59.0 want: 4.59.0
703 silly placeDep ROOT @rollup/rollup-win32-ia32-msvc@4.59.0 OK for: rollup@4.59.0 want: 4.59.0
704 silly placeDep ROOT @rollup/rollup-win32-x64-gnu@4.59.0 OK for: rollup@4.59.0 want: 4.59.0
705 silly placeDep ROOT @rollup/rollup-win32-x64-msvc@4.59.0 OK for: rollup@4.59.0 want: 4.59.0
706 silly placeDep ROOT @types/estree@1.0.8 OK for: rollup@4.59.0 want: 1.0.8
707 silly reify moves {}
708 silly audit bulk request {
708 silly audit   '@dnd-kit/core': [ '6.3.1' ],
708 silly audit   react: [ '18.3.1' ],
708 silly audit   'react-dom': [ '18.3.1' ],
708 silly audit   '@dnd-kit/sortable': [ '8.0.0' ],
708 silly audit   '@dnd-kit/utilities': [ '3.2.2' ],
708 silly audit   '@types/react': [ '18.3.28' ],
708 silly audit   '@types/react-dom': [ '18.3.7' ],
708 silly audit   '@vitejs/plugin-react': [ '4.7.0' ],
708 silly audit   vite: [ '5.4.21' ],
708 silly audit   uuid: [ '9.0.1' ],
708 silly audit   '@dnd-kit/accessibility': [ '3.1.1' ],
708 silly audit   tslib: [ '2.8.1' ],
708 silly audit   '@types/prop-types': [ '15.7.15' ],
708 silly audit   csstype: [ '3.2.3' ],
708 silly audit   '@babel/core': [ '7.29.0' ],
708 silly audit   '@babel/plugin-transform-react-jsx-self': [ '7.27.1' ],
708 silly audit   '@babel/plugin-transform-react-jsx-source': [ '7.27.1' ],
708 silly audit   '@rolldown/pluginutils': [ '1.0.0-beta.27' ],
708 silly audit   '@types/babel__core': [ '7.20.5' ],
708 silly audit   'react-refresh': [ '0.17.0' ],
708 silly audit   '@babel/code-frame': [ '7.29.0' ],
708 silly audit   '@babel/generator': [ '7.29.1' ],
708 silly audit   '@babel/helper-compilation-targets': [ '7.28.6' ],
708 silly audit   '@babel/helper-module-transforms': [ '7.28.6' ],
708 silly audit   '@babel/helpers': [ '7.29.2' ],
708 silly audit   '@babel/parser': [ '7.29.2' ],
708 silly audit   '@babel/template': [ '7.28.6' ],
708 silly audit   '@babel/traverse': [ '7.29.0' ],
708 silly audit   '@babel/types': [ '7.29.0' ],
708 silly audit   '@jridgewell/remapping': [ '2.3.5' ],
708 silly audit   'convert-source-map': [ '2.0.0' ],
708 silly audit   debug: [ '4.4.3' ],
708 silly audit   gensync: [ '1.0.0-beta.2' ],
708 silly audit   json5: [ '2.2.3' ],
708 silly audit   semver: [ '6.3.1' ],
708 silly audit   '@babel/helper-validator-identifier': [ '7.28.5' ],
708 silly audit   'js-tokens': [ '4.0.0' ],
708 silly audit   picocolors: [ '1.1.1' ],
708 silly audit   '@jridgewell/gen-mapping': [ '0.3.13' ],
708 silly audit   '@jridgewell/trace-mapping': [ '0.3.31' ],
708 silly audit   jsesc: [ '3.1.0' ],
708 silly audit   '@babel/compat-data': [ '7.29.0' ],
708 silly audit   '@babel/helper-validator-option': [ '7.27.1' ],
708 silly audit   browserslist: [ '4.28.1' ],
708 silly audit   'lru-cache': [ '5.1.1' ],
708 silly audit   '@babel/helper-module-imports': [ '7.28.6' ],
708 silly audit   '@babel/helper-plugin-utils': [ '7.28.6' ],
708 silly audit   '@babel/helper-globals': [ '7.28.0' ],
708 silly audit   '@babel/helper-string-parser': [ '7.27.1' ],
708 silly audit   '@jridgewell/sourcemap-codec': [ '1.5.5' ],
708 silly audit   '@jridgewell/resolve-uri': [ '3.1.2' ],
708 silly audit   '@types/babel__generator': [ '7.27.0' ],
708 silly audit   '@types/babel__template': [ '7.4.4' ],
708 silly audit   '@types/babel__traverse': [ '7.28.0' ],
708 silly audit   'baseline-browser-mapping': [ '2.10.8' ],
708 silly audit   'caniuse-lite': [ '1.0.30001780' ],
708 silly audit   'electron-to-chromium': [ '1.5.313' ],
708 silly audit   'node-releases': [ '2.0.36' ],
708 silly audit   'update-browserslist-db': [ '1.2.3' ],
708 silly audit   ms: [ '2.1.3' ],
708 silly audit   yallist: [ '3.1.1' ],
708 silly audit   'loose-envify': [ '1.4.0' ],
708 silly audit   scheduler: [ '0.23.2' ],
708 silly audit   escalade: [ '3.2.0' ],
708 silly audit   esbuild: [ '0.21.5' ],
708 silly audit   fsevents: [ '2.3.3' ],
708 silly audit   postcss: [ '8.5.8' ],
708 silly audit   rollup: [ '4.59.0' ],
708 silly audit   '@esbuild/aix-ppc64': [ '0.21.5' ],
708 silly audit   '@esbuild/android-arm': [ '0.21.5' ],
708 silly audit   '@esbuild/android-arm64': [ '0.21.5' ],
708 silly audit   '@esbuild/android-x64': [ '0.21.5' ],
708 silly audit   '@esbuild/darwin-arm64': [ '0.21.5' ],
708 silly audit   '@esbuild/darwin-x64': [ '0.21.5' ],
708 silly audit   '@esbuild/freebsd-arm64': [ '0.21.5' ],
708 silly audit   '@esbuild/freebsd-x64': [ '0.21.5' ],
708 silly audit   '@esbuild/linux-arm': [ '0.21.5' ],
708 silly audit   '@esbuild/linux-arm64': [ '0.21.5' ],
708 silly audit   '@esbuild/linux-ia32': [ '0.21.5' ],
708 silly audit   '@esbuild/linux-loong64': [ '0.21.5' ],
708 silly audit   '@esbuild/linux-mips64el': [ '0.21.5' ],
708 silly audit   '@esbuild/linux-ppc64': [ '0.21.5' ],
708 silly audit   '@esbuild/linux-riscv64': [ '0.21.5' ],
708 silly audit   '@esbuild/linux-s390x': [ '0.21.5' ],
708 silly audit   '@esbuild/linux-x64': [ '0.21.5' ],
708 silly audit   '@esbuild/netbsd-x64': [ '0.21.5' ],
708 silly audit   '@esbuild/openbsd-x64': [ '0.21.5' ],
708 silly audit   '@esbuild/sunos-x64': [ '0.21.5' ],
708 silly audit   '@esbuild/win32-arm64': [ '0.21.5' ],
708 silly audit   '@esbuild/win32-ia32': [ '0.21.5' ],
708 silly audit   '@esbuild/win32-x64': [ '0.21.5' ],
708 silly audit   nanoid: [ '3.3.11' ],
708 silly audit   'source-map-js': [ '1.2.1' ],
708 silly audit   '@rollup/rollup-android-arm-eabi': [ '4.59.0' ],
708 silly audit   '@rollup/rollup-android-arm64': [ '4.59.0' ],
708 silly audit   '@rollup/rollup-darwin-arm64': [ '4.59.0' ],
708 silly audit   '@rollup/rollup-darwin-x64': [ '4.59.0' ],
708 silly audit   '@rollup/rollup-freebsd-arm64': [ '4.59.0' ],
708 silly audit   '@rollup/rollup-freebsd-x64': [ '4.59.0' ],
708 silly audit   '@rollup/rollup-linux-arm-gnueabihf': [ '4.59.0' ],
708 silly audit   '@rollup/rollup-linux-arm-musleabihf': [ '4.59.0' ],
708 silly audit   '@rollup/rollup-linux-arm64-gnu': [ '4.59.0' ],
708 silly audit   '@rollup/rollup-linux-arm64-musl': [ '4.59.0' ],
708 silly audit   '@rollup/rollup-linux-loong64-gnu': [ '4.59.0' ],
708 silly audit   '@rollup/rollup-linux-loong64-musl': [ '4.59.0' ],
708 silly audit   '@rollup/rollup-linux-ppc64-gnu': [ '4.59.0' ],
708 silly audit   '@rollup/rollup-linux-ppc64-musl': [ '4.59.0' ],
708 silly audit   '@rollup/rollup-linux-riscv64-gnu': [ '4.59.0' ],
708 silly audit   '@rollup/rollup-linux-riscv64-musl': [ '4.59.0' ],
708 silly audit   '@rollup/rollup-linux-s390x-gnu': [ '4.59.0' ],
708 silly audit   '@rollup/rollup-linux-x64-gnu': [ '4.59.0' ],
708 silly audit   '@rollup/rollup-linux-x64-musl': [ '4.59.0' ],
708 silly audit   '@rollup/rollup-openbsd-x64': [ '4.59.0' ],
708 silly audit   '@rollup/rollup-openharmony-arm64': [ '4.59.0' ],
708 silly audit   '@rollup/rollup-win32-arm64-msvc': [ '4.59.0' ],
708 silly audit   '@rollup/rollup-win32-ia32-msvc': [ '4.59.0' ],
708 silly audit   '@rollup/rollup-win32-x64-gnu': [ '4.59.0' ],
708 silly audit   '@rollup/rollup-win32-x64-msvc': [ '4.59.0' ],
708 silly audit   '@types/estree': [ '1.0.8' ]
708 silly audit }
709 http cache nanoid@https://registry.npmjs.org/nanoid/-/nanoid-3.3.11.tgz 0ms (cache hit)
710 http cache @rollup/rollup-darwin-arm64@https://registry.npmjs.org/@rollup/rollup-darwin-arm64/-/rollup-darwin-arm64-4.59.0.tgz 0ms (cache hit)
711 http cache source-map-js@https://registry.npmjs.org/source-map-js/-/source-map-js-1.2.1.tgz 0ms (cache hit)
712 http cache @types/estree@https://registry.npmjs.org/@types/estree/-/estree-1.0.8.tgz 0ms (cache hit)
713 http cache @esbuild/darwin-arm64@https://registry.npmjs.org/@esbuild/darwin-arm64/-/darwin-arm64-0.21.5.tgz 0ms (cache hit)
714 http cache fsevents@https://registry.npmjs.org/fsevents/-/fsevents-2.3.3.tgz 0ms (cache hit)
715 http cache rollup@https://registry.npmjs.org/rollup/-/rollup-4.59.0.tgz 0ms (cache hit)
716 http cache esbuild@https://registry.npmjs.org/esbuild/-/esbuild-0.21.5.tgz 0ms (cache hit)
717 http cache escalade@https://registry.npmjs.org/escalade/-/escalade-3.2.0.tgz 0ms (cache hit)
718 http cache scheduler@https://registry.npmjs.org/scheduler/-/scheduler-0.23.2.tgz 0ms (cache hit)
719 http cache loose-envify@https://registry.npmjs.org/loose-envify/-/loose-envify-1.4.0.tgz 0ms (cache hit)
720 http cache yallist@https://registry.npmjs.org/yallist/-/yallist-3.1.1.tgz 0ms (cache hit)
721 http cache ms@https://registry.npmjs.org/ms/-/ms-2.1.3.tgz 0ms (cache hit)
722 http cache update-browserslist-db@https://registry.npmjs.org/update-browserslist-db/-/update-browserslist-db-1.2.3.tgz 0ms (cache hit)
723 http cache node-releases@https://registry.npmjs.org/node-releases/-/node-releases-2.0.36.tgz 0ms (cache hit)
724 http cache caniuse-lite@https://registry.npmjs.org/caniuse-lite/-/caniuse-lite-1.0.30001780.tgz 0ms (cache hit)
725 http cache baseline-browser-mapping@https://registry.npmjs.org/baseline-browser-mapping/-/baseline-browser-mapping-2.10.8.tgz 0ms (cache hit)
726 http cache @types/babel__template@https://registry.npmjs.org/@types/babel__template/-/babel__template-7.4.4.tgz 0ms (cache hit)
727 http cache @types/babel__generator@https://registry.npmjs.org/@types/babel__generator/-/babel__generator-7.27.0.tgz 0ms (cache hit)
728 http cache @types/babel__traverse@https://registry.npmjs.org/@types/babel__traverse/-/babel__traverse-7.28.0.tgz 0ms (cache hit)
729 http cache @jridgewell/resolve-uri@https://registry.npmjs.org/@jridgewell/resolve-uri/-/resolve-uri-3.1.2.tgz 0ms (cache hit)
730 http cache @jridgewell/sourcemap-codec@https://registry.npmjs.org/@jridgewell/sourcemap-codec/-/sourcemap-codec-1.5.5.tgz 0ms (cache hit)
731 http cache @babel/helper-string-parser@https://registry.npmjs.org/@babel/helper-string-parser/-/helper-string-parser-7.27.1.tgz 0ms (cache hit)
732 http cache @babel/helper-globals@https://registry.npmjs.org/@babel/helper-globals/-/helper-globals-7.28.0.tgz 0ms (cache hit)
733 http cache @babel/helper-plugin-utils@https://registry.npmjs.org/@babel/helper-plugin-utils/-/helper-plugin-utils-7.28.6.tgz 0ms (cache hit)
734 http cache @babel/helper-module-imports@https://registry.npmjs.org/@babel/helper-module-imports/-/helper-module-imports-7.28.6.tgz 0ms (cache hit)
735 http cache electron-to-chromium@https://registry.npmjs.org/electron-to-chromium/-/electron-to-chromium-1.5.313.tgz 0ms (cache hit)
736 http cache lru-cache@https://registry.npmjs.org/lru-cache/-/lru-cache-5.1.1.tgz 0ms (cache hit)
737 http cache postcss@https://registry.npmjs.org/postcss/-/postcss-8.5.8.tgz 0ms (cache hit)
738 http cache browserslist@https://registry.npmjs.org/browserslist/-/browserslist-4.28.1.tgz 0ms (cache hit)
739 http cache @babel/compat-data@https://registry.npmjs.org/@babel/compat-data/-/compat-data-7.29.0.tgz 0ms (cache hit)
740 http cache picocolors@https://registry.npmjs.org/picocolors/-/picocolors-1.1.1.tgz 0ms (cache hit)
741 http cache @jridgewell/gen-mapping@https://registry.npmjs.org/@jridgewell/gen-mapping/-/gen-mapping-0.3.13.tgz 0ms (cache hit)
742 http cache @babel/helper-validator-option@https://registry.npmjs.org/@babel/helper-validator-option/-/helper-validator-option-7.27.1.tgz 0ms (cache hit)
743 http cache js-tokens@https://registry.npmjs.org/js-tokens/-/js-tokens-4.0.0.tgz 0ms (cache hit)
744 http cache jsesc@https://registry.npmjs.org/jsesc/-/jsesc-3.1.0.tgz 0ms (cache hit)
745 http cache semver@https://registry.npmjs.org/semver/-/semver-6.3.1.tgz 0ms (cache hit)
746 http cache @jridgewell/trace-mapping@https://registry.npmjs.org/@jridgewell/trace-mapping/-/trace-mapping-0.3.31.tgz 0ms (cache hit)
747 http cache @babel/helper-validator-identifier@https://registry.npmjs.org/@babel/helper-validator-identifier/-/helper-validator-identifier-7.28.5.tgz 0ms (cache hit)
748 http cache gensync@https://registry.npmjs.org/gensync/-/gensync-1.0.0-beta.2.tgz 0ms (cache hit)
749 http cache convert-source-map@https://registry.npmjs.org/convert-source-map/-/convert-source-map-2.0.0.tgz 0ms (cache hit)
750 http cache json5@https://registry.npmjs.org/json5/-/json5-2.2.3.tgz 0ms (cache hit)
751 http cache @jridgewell/remapping@https://registry.npmjs.org/@jridgewell/remapping/-/remapping-2.3.5.tgz 0ms (cache hit)
752 http cache @babel/traverse@https://registry.npmjs.org/@babel/traverse/-/traverse-7.29.0.tgz 0ms (cache hit)
753 http cache debug@https://registry.npmjs.org/debug/-/debug-4.4.3.tgz 0ms (cache hit)
754 http cache @babel/template@https://registry.npmjs.org/@babel/template/-/template-7.28.6.tgz 0ms (cache hit)
755 http cache @babel/parser@https://registry.npmjs.org/@babel/parser/-/parser-7.29.2.tgz 0ms (cache hit)
756 http cache @babel/helper-compilation-targets@https://registry.npmjs.org/@babel/helper-compilation-targets/-/helper-compilation-targets-7.28.6.tgz 0ms (cache hit)
757 http cache @babel/types@https://registry.npmjs.org/@babel/types/-/types-7.29.0.tgz 0ms (cache hit)
758 http cache @babel/generator@https://registry.npmjs.org/@babel/generator/-/generator-7.29.1.tgz 0ms (cache hit)
759 http cache @babel/code-frame@https://registry.npmjs.org/@babel/code-frame/-/code-frame-7.29.0.tgz 0ms (cache hit)
760 http cache @rolldown/pluginutils@https://registry.npmjs.org/@rolldown/pluginutils/-/pluginutils-1.0.0-beta.27.tgz 0ms (cache hit)
761 http cache @babel/helper-module-transforms@https://registry.npmjs.org/@babel/helper-module-transforms/-/helper-module-transforms-7.28.6.tgz 0ms (cache hit)
762 http cache @babel/plugin-transform-react-jsx-source@https://registry.npmjs.org/@babel/plugin-transform-react-jsx-source/-/plugin-transform-react-jsx-source-7.27.1.tgz 0ms (cache hit)
763 http cache @babel/helpers@https://registry.npmjs.org/@babel/helpers/-/helpers-7.29.2.tgz 0ms (cache hit)
764 http cache react-refresh@https://registry.npmjs.org/react-refresh/-/react-refresh-0.17.0.tgz 0ms (cache hit)
765 http cache @babel/plugin-transform-react-jsx-self@https://registry.npmjs.org/@babel/plugin-transform-react-jsx-self/-/plugin-transform-react-jsx-self-7.27.1.tgz 0ms (cache hit)
766 http cache tslib@https://registry.npmjs.org/tslib/-/tslib-2.8.1.tgz 0ms (cache hit)
767 http cache csstype@https://registry.npmjs.org/csstype/-/csstype-3.2.3.tgz 0ms (cache hit)
768 http cache @babel/core@https://registry.npmjs.org/@babel/core/-/core-7.29.0.tgz 0ms (cache hit)
769 http cache @dnd-kit/accessibility@https://registry.npmjs.org/@dnd-kit/accessibility/-/accessibility-3.1.1.tgz 0ms (cache hit)
770 http cache uuid@https://registry.npmjs.org/uuid/-/uuid-9.0.1.tgz 0ms (cache hit)
771 http cache vite@https://registry.npmjs.org/vite/-/vite-5.4.21.tgz 0ms (cache hit)
772 http cache @vitejs/plugin-react@https://registry.npmjs.org/@vitejs/plugin-react/-/plugin-react-4.7.0.tgz 0ms (cache hit)
773 http cache @types/react-dom@https://registry.npmjs.org/@types/react-dom/-/react-dom-18.3.7.tgz 0ms (cache hit)
774 http cache @types/babel__core@https://registry.npmjs.org/@types/babel__core/-/babel__core-7.20.5.tgz 0ms (cache hit)
775 http cache @types/react@https://registry.npmjs.org/@types/react/-/react-18.3.28.tgz 0ms (cache hit)
776 http cache @dnd-kit/utilities@https://registry.npmjs.org/@dnd-kit/utilities/-/utilities-3.2.2.tgz 0ms (cache hit)
777 http cache react-dom@https://registry.npmjs.org/react-dom/-/react-dom-18.3.1.tgz 0ms (cache hit)
778 http cache react@https://registry.npmjs.org/react/-/react-18.3.1.tgz 0ms (cache hit)
779 http cache @types/prop-types@https://registry.npmjs.org/@types/prop-types/-/prop-types-15.7.15.tgz 0ms (cache hit)
780 http cache @dnd-kit/sortable@https://registry.npmjs.org/@dnd-kit/sortable/-/sortable-8.0.0.tgz 0ms (cache hit)
781 http cache @dnd-kit/core@https://registry.npmjs.org/@dnd-kit/core/-/core-6.3.1.tgz 0ms (cache hit)
782 silly tarball no local data for nanoid@https://registry.npmjs.org/nanoid/-/nanoid-3.3.11.tgz. Extracting by manifest.
783 silly tarball no local data for @rollup/rollup-darwin-arm64@https://registry.npmjs.org/@rollup/rollup-darwin-arm64/-/rollup-darwin-arm64-4.59.0.tgz. Extracting by manifest.
784 silly tarball no local data for source-map-js@https://registry.npmjs.org/source-map-js/-/source-map-js-1.2.1.tgz. Extracting by manifest.
785 silly tarball no local data for @types/estree@https://registry.npmjs.org/@types/estree/-/estree-1.0.8.tgz. Extracting by manifest.
786 silly tarball no local data for @esbuild/darwin-arm64@https://registry.npmjs.org/@esbuild/darwin-arm64/-/darwin-arm64-0.21.5.tgz. Extracting by manifest.
787 silly tarball no local data for fsevents@https://registry.npmjs.org/fsevents/-/fsevents-2.3.3.tgz. Extracting by manifest.
788 silly tarball no local data for rollup@https://registry.npmjs.org/rollup/-/rollup-4.59.0.tgz. Extracting by manifest.
789 silly tarball no local data for esbuild@https://registry.npmjs.org/esbuild/-/esbuild-0.21.5.tgz. Extracting by manifest.
790 silly tarball no local data for escalade@https://registry.npmjs.org/escalade/-/escalade-3.2.0.tgz. Extracting by manifest.
791 silly tarball no local data for scheduler@https://registry.npmjs.org/scheduler/-/scheduler-0.23.2.tgz. Extracting by manifest.
792 silly tarball no local data for loose-envify@https://registry.npmjs.org/loose-envify/-/loose-envify-1.4.0.tgz. Extracting by manifest.
793 silly tarball no local data for yallist@https://registry.npmjs.org/yallist/-/yallist-3.1.1.tgz. Extracting by manifest.
794 silly tarball no local data for ms@https://registry.npmjs.org/ms/-/ms-2.1.3.tgz. Extracting by manifest.
795 silly tarball no local data for update-browserslist-db@https://registry.npmjs.org/update-browserslist-db/-/update-browserslist-db-1.2.3.tgz. Extracting by manifest.
796 silly tarball no local data for node-releases@https://registry.npmjs.org/node-releases/-/node-releases-2.0.36.tgz. Extracting by manifest.
797 silly tarball no local data for caniuse-lite@https://registry.npmjs.org/caniuse-lite/-/caniuse-lite-1.0.30001780.tgz. Extracting by manifest.
798 silly tarball no local data for baseline-browser-mapping@https://registry.npmjs.org/baseline-browser-mapping/-/baseline-browser-mapping-2.10.8.tgz. Extracting by manifest.
799 silly tarball no local data for @types/babel__template@https://registry.npmjs.org/@types/babel__template/-/babel__template-7.4.4.tgz. Extracting by manifest.
800 silly tarball no local data for @types/babel__generator@https://registry.npmjs.org/@types/babel__generator/-/babel__generator-7.27.0.tgz. Extracting by manifest.
801 silly tarball no local data for @types/babel__traverse@https://registry.npmjs.org/@types/babel__traverse/-/babel__traverse-7.28.0.tgz. Extracting by manifest.
802 silly tarball no local data for @jridgewell/resolve-uri@https://registry.npmjs.org/@jridgewell/resolve-uri/-/resolve-uri-3.1.2.tgz. Extracting by manifest.
803 silly tarball no local data for @jridgewell/sourcemap-codec@https://registry.npmjs.org/@jridgewell/sourcemap-codec/-/sourcemap-codec-1.5.5.tgz. Extracting by manifest.
804 silly tarball no local data for @babel/helper-string-parser@https://registry.npmjs.org/@babel/helper-string-parser/-/helper-string-parser-7.27.1.tgz. Extracting by manifest.
805 silly tarball no local data for @babel/helper-globals@https://registry.npmjs.org/@babel/helper-globals/-/helper-globals-7.28.0.tgz. Extracting by manifest.
806 silly tarball no local data for @babel/helper-plugin-utils@https://registry.npmjs.org/@babel/helper-plugin-utils/-/helper-plugin-utils-7.28.6.tgz. Extracting by manifest.
807 silly tarball no local data for @babel/helper-module-imports@https://registry.npmjs.org/@babel/helper-module-imports/-/helper-module-imports-7.28.6.tgz. Extracting by manifest.
808 silly tarball no local data for electron-to-chromium@https://registry.npmjs.org/electron-to-chromium/-/electron-to-chromium-1.5.313.tgz. Extracting by manifest.
809 silly tarball no local data for lru-cache@https://registry.npmjs.org/lru-cache/-/lru-cache-5.1.1.tgz. Extracting by manifest.
810 silly tarball no local data for postcss@https://registry.npmjs.org/postcss/-/postcss-8.5.8.tgz. Extracting by manifest.
811 silly tarball no local data for browserslist@https://registry.npmjs.org/browserslist/-/browserslist-4.28.1.tgz. Extracting by manifest.
812 silly tarball no local data for @babel/compat-data@https://registry.npmjs.org/@babel/compat-data/-/compat-data-7.29.0.tgz. Extracting by manifest.
813 silly tarball no local data for picocolors@https://registry.npmjs.org/picocolors/-/picocolors-1.1.1.tgz. Extracting by manifest.
814 silly tarball no local data for @jridgewell/gen-mapping@https://registry.npmjs.org/@jridgewell/gen-mapping/-/gen-mapping-0.3.13.tgz. Extracting by manifest.
815 silly tarball no local data for @babel/helper-validator-option@https://registry.npmjs.org/@babel/helper-validator-option/-/helper-validator-option-7.27.1.tgz. Extracting by manifest.
816 silly tarball no local data for js-tokens@https://registry.npmjs.org/js-tokens/-/js-tokens-4.0.0.tgz. Extracting by manifest.
817 silly tarball no local data for jsesc@https://registry.npmjs.org/jsesc/-/jsesc-3.1.0.tgz. Extracting by manifest.
818 silly tarball no local data for semver@https://registry.npmjs.org/semver/-/semver-6.3.1.tgz. Extracting by manifest.
819 silly tarball no local data for @jridgewell/trace-mapping@https://registry.npmjs.org/@jridgewell/trace-mapping/-/trace-mapping-0.3.31.tgz. Extracting by manifest.
820 silly tarball no local data for @babel/helper-validator-identifier@https://registry.npmjs.org/@babel/helper-validator-identifier/-/helper-validator-identifier-7.28.5.tgz. Extracting by manifest.
821 silly tarball no local data for gensync@https://registry.npmjs.org/gensync/-/gensync-1.0.0-beta.2.tgz. Extracting by manifest.
822 silly tarball no local data for convert-source-map@https://registry.npmjs.org/convert-source-map/-/convert-source-map-2.0.0.tgz. Extracting by manifest.
823 silly tarball no local data for json5@https://registry.npmjs.org/json5/-/json5-2.2.3.tgz. Extracting by manifest.
824 silly tarball no local data for @jridgewell/remapping@https://registry.npmjs.org/@jridgewell/remapping/-/remapping-2.3.5.tgz. Extracting by manifest.
825 silly tarball no local data for @babel/traverse@https://registry.npmjs.org/@babel/traverse/-/traverse-7.29.0.tgz. Extracting by manifest.
826 silly tarball no local data for debug@https://registry.npmjs.org/debug/-/debug-4.4.3.tgz. Extracting by manifest.
827 silly tarball no local data for @babel/template@https://registry.npmjs.org/@babel/template/-/template-7.28.6.tgz. Extracting by manifest.
828 silly tarball no local data for @babel/parser@https://registry.npmjs.org/@babel/parser/-/parser-7.29.2.tgz. Extracting by manifest.
829 silly tarball no local data for @babel/helper-compilation-targets@https://registry.npmjs.org/@babel/helper-compilation-targets/-/helper-compilation-targets-7.28.6.tgz. Extracting by manifest.
830 silly tarball no local data for @babel/types@https://registry.npmjs.org/@babel/types/-/types-7.29.0.tgz. Extracting by manifest.
831 silly tarball no local data for @babel/generator@https://registry.npmjs.org/@babel/generator/-/generator-7.29.1.tgz. Extracting by manifest.
832 silly tarball no local data for @babel/code-frame@https://registry.npmjs.org/@babel/code-frame/-/code-frame-7.29.0.tgz. Extracting by manifest.
833 silly tarball no local data for @rolldown/pluginutils@https://registry.npmjs.org/@rolldown/pluginutils/-/pluginutils-1.0.0-beta.27.tgz. Extracting by manifest.
834 silly tarball no local data for @babel/helper-module-transforms@https://registry.npmjs.org/@babel/helper-module-transforms/-/helper-module-transforms-7.28.6.tgz. Extracting by manifest.
835 silly tarball no local data for @babel/plugin-transform-react-jsx-source@https://registry.npmjs.org/@babel/plugin-transform-react-jsx-source/-/plugin-transform-react-jsx-source-7.27.1.tgz. Extracting by manifest.
836 silly tarball no local data for @babel/helpers@https://registry.npmjs.org/@babel/helpers/-/helpers-7.29.2.tgz. Extracting by manifest.
837 silly tarball no local data for react-refresh@https://registry.npmjs.org/react-refresh/-/react-refresh-0.17.0.tgz. Extracting by manifest.
838 silly tarball no local data for @babel/plugin-transform-react-jsx-self@https://registry.npmjs.org/@babel/plugin-transform-react-jsx-self/-/plugin-transform-react-jsx-self-7.27.1.tgz. Extracting by manifest.
839 silly tarball no local data for tslib@https://registry.npmjs.org/tslib/-/tslib-2.8.1.tgz. Extracting by manifest.
840 silly tarball no local data for csstype@https://registry.npmjs.org/csstype/-/csstype-3.2.3.tgz. Extracting by manifest.
841 silly tarball no local data for @babel/core@https://registry.npmjs.org/@babel/core/-/core-7.29.0.tgz. Extracting by manifest.
842 silly tarball no local data for @dnd-kit/accessibility@https://registry.npmjs.org/@dnd-kit/accessibility/-/accessibility-3.1.1.tgz. Extracting by manifest.
843 silly tarball no local data for uuid@https://registry.npmjs.org/uuid/-/uuid-9.0.1.tgz. Extracting by manifest.
844 silly tarball no local data for vite@https://registry.npmjs.org/vite/-/vite-5.4.21.tgz. Extracting by manifest.
845 silly tarball no local data for @vitejs/plugin-react@https://registry.npmjs.org/@vitejs/plugin-react/-/plugin-react-4.7.0.tgz. Extracting by manifest.
846 silly tarball no local data for @types/react-dom@https://registry.npmjs.org/@types/react-dom/-/react-dom-18.3.7.tgz. Extracting by manifest.
847 silly tarball no local data for @types/babel__core@https://registry.npmjs.org/@types/babel__core/-/babel__core-7.20.5.tgz. Extracting by manifest.
848 silly tarball no local data for @types/react@https://registry.npmjs.org/@types/react/-/react-18.3.28.tgz. Extracting by manifest.
849 silly tarball no local data for @dnd-kit/utilities@https://registry.npmjs.org/@dnd-kit/utilities/-/utilities-3.2.2.tgz. Extracting by manifest.
850 silly tarball no local data for react-dom@https://registry.npmjs.org/react-dom/-/react-dom-18.3.1.tgz. Extracting by manifest.
851 silly tarball no local data for react@https://registry.npmjs.org/react/-/react-18.3.1.tgz. Extracting by manifest.
852 silly tarball no local data for @types/prop-types@https://registry.npmjs.org/@types/prop-types/-/prop-types-15.7.15.tgz. Extracting by manifest.
853 silly tarball no local data for @dnd-kit/sortable@https://registry.npmjs.org/@dnd-kit/sortable/-/sortable-8.0.0.tgz. Extracting by manifest.
854 silly tarball no local data for @dnd-kit/core@https://registry.npmjs.org/@dnd-kit/core/-/core-6.3.1.tgz. Extracting by manifest.
855 http fetch GET 200 https://registry.npmjs.org/nanoid/-/nanoid-3.3.11.tgz 177ms (cache miss)
856 http fetch GET 200 https://registry.npmjs.org/@types/estree/-/estree-1.0.8.tgz 177ms (cache miss)
857 http fetch GET 200 https://registry.npmjs.org/fsevents/-/fsevents-2.3.3.tgz 177ms (cache miss)
858 http fetch GET 200 https://registry.npmjs.org/source-map-js/-/source-map-js-1.2.1.tgz 179ms (cache miss)
859 http fetch GET 200 https://registry.npmjs.org/esbuild/-/esbuild-0.21.5.tgz 312ms (cache miss)
860 http fetch GET 200 https://registry.npmjs.org/node-releases/-/node-releases-2.0.36.tgz 336ms (cache miss)
861 http fetch POST 200 https://registry.npmjs.org/-/npm/v1/security/advisories/bulk 356ms
862 silly audit report {
862 silly audit report   esbuild: [
862 silly audit report     {
862 silly audit report       id: 1102341,
862 silly audit report       url: 'https://github.com/advisories/GHSA-67mh-4wv8-2f99',
862 silly audit report       title: 'esbuild enables any website to send any requests to the development server and read the response',
862 silly audit report       severity: 'moderate',
862 silly audit report       vulnerable_versions: '<=0.24.2',
862 silly audit report       cwe: [Array],
862 silly audit report       cvss: [Object]
862 silly audit report     }
862 silly audit report   ]
862 silly audit report }
863 silly packumentCache corgi:https://registry.npmjs.org/esbuild cache-miss
864 http fetch GET 200 https://registry.npmjs.org/baseline-browser-mapping/-/baseline-browser-mapping-2.10.8.tgz 385ms (cache miss)
865 http fetch GET 200 https://registry.npmjs.org/@types/babel__template/-/babel__template-7.4.4.tgz 407ms (cache miss)
866 http fetch GET 200 https://registry.npmjs.org/loose-envify/-/loose-envify-1.4.0.tgz 413ms (cache miss)
867 http fetch GET 200 https://registry.npmjs.org/ms/-/ms-2.1.3.tgz 414ms (cache miss)
868 http fetch GET 200 https://registry.npmjs.org/@types/babel__generator/-/babel__generator-7.27.0.tgz 414ms (cache miss)
869 http fetch GET 200 https://registry.npmjs.org/yallist/-/yallist-3.1.1.tgz 415ms (cache miss)
870 http fetch GET 200 https://registry.npmjs.org/update-browserslist-db/-/update-browserslist-db-1.2.3.tgz 417ms (cache miss)
871 http fetch GET 200 https://registry.npmjs.org/escalade/-/escalade-3.2.0.tgz 417ms (cache miss)
872 http fetch GET 200 https://registry.npmjs.org/@jridgewell/resolve-uri/-/resolve-uri-3.1.2.tgz 416ms (cache miss)
873 http fetch GET 200 https://registry.npmjs.org/@types/babel__traverse/-/babel__traverse-7.28.0.tgz 421ms (cache miss)
874 http fetch GET 200 https://registry.npmjs.org/scheduler/-/scheduler-0.23.2.tgz 422ms (cache miss)
875 http fetch GET 200 https://registry.npmjs.org/@jridgewell/sourcemap-codec/-/sourcemap-codec-1.5.5.tgz 431ms (cache miss)
876 http fetch GET 200 https://registry.npmjs.org/@babel/helper-string-parser/-/helper-string-parser-7.27.1.tgz 438ms (cache miss)
877 http fetch GET 200 https://registry.npmjs.org/electron-to-chromium/-/electron-to-chromium-1.5.313.tgz 483ms (cache miss)
878 http fetch GET 200 https://registry.npmjs.org/@babel/helper-module-imports/-/helper-module-imports-7.28.6.tgz 493ms (cache miss)
879 http fetch GET 200 https://registry.npmjs.org/@babel/helper-globals/-/helper-globals-7.28.0.tgz 493ms (cache miss)
880 http fetch GET 200 https://registry.npmjs.org/@babel/helper-plugin-utils/-/helper-plugin-utils-7.28.6.tgz 494ms (cache miss)
881 http fetch GET 200 https://registry.npmjs.org/browserslist/-/browserslist-4.28.1.tgz 493ms (cache miss)
882 http fetch GET 200 https://registry.npmjs.org/js-tokens/-/js-tokens-4.0.0.tgz 498ms (cache miss)
883 http fetch GET 200 https://registry.npmjs.org/picocolors/-/picocolors-1.1.1.tgz 499ms (cache miss)
884 http fetch GET 200 https://registry.npmjs.org/@babel/compat-data/-/compat-data-7.29.0.tgz 512ms (cache miss)
885 http fetch GET 200 https://registry.npmjs.org/@rollup/rollup-darwin-arm64/-/rollup-darwin-arm64-4.59.0.tgz 517ms (cache miss)
886 http fetch GET 200 https://registry.npmjs.org/@babel/helper-validator-option/-/helper-validator-option-7.27.1.tgz 515ms (cache miss)
887 http fetch GET 200 https://registry.npmjs.org/lru-cache/-/lru-cache-5.1.1.tgz 516ms (cache miss)
888 http fetch GET 200 https://registry.npmjs.org/@jridgewell/gen-mapping/-/gen-mapping-0.3.13.tgz 520ms (cache miss)
889 http fetch GET 200 https://registry.npmjs.org/postcss/-/postcss-8.5.8.tgz 524ms (cache miss)
890 http fetch GET 200 https://registry.npmjs.org/jsesc/-/jsesc-3.1.0.tgz 536ms (cache miss)
891 http fetch GET 200 https://registry.npmjs.org/semver/-/semver-6.3.1.tgz 537ms (cache miss)
892 http fetch GET 200 https://registry.npmjs.org/gensync/-/gensync-1.0.0-beta.2.tgz 539ms (cache miss)
893 http fetch GET 200 https://registry.npmjs.org/convert-source-map/-/convert-source-map-2.0.0.tgz 549ms (cache miss)
894 http fetch GET 200 https://registry.npmjs.org/@babel/helper-validator-identifier/-/helper-validator-identifier-7.28.5.tgz 551ms (cache miss)
895 http fetch GET 200 https://registry.npmjs.org/debug/-/debug-4.4.3.tgz 554ms (cache miss)
896 http fetch GET 200 https://registry.npmjs.org/json5/-/json5-2.2.3.tgz 558ms (cache miss)
897 http fetch GET 200 https://registry.npmjs.org/@jridgewell/trace-mapping/-/trace-mapping-0.3.31.tgz 565ms (cache miss)
898 http fetch GET 200 https://registry.npmjs.org/@babel/template/-/template-7.28.6.tgz 568ms (cache miss)
899 http fetch GET 200 https://registry.npmjs.org/@babel/helper-compilation-targets/-/helper-compilation-targets-7.28.6.tgz 570ms (cache miss)
900 http fetch GET 200 https://registry.npmjs.org/@jridgewell/remapping/-/remapping-2.3.5.tgz 575ms (cache miss)
901 http fetch GET 200 https://registry.npmjs.org/caniuse-lite/-/caniuse-lite-1.0.30001780.tgz 589ms (cache miss)
902 http fetch GET 200 https://registry.npmjs.org/@babel/code-frame/-/code-frame-7.29.0.tgz 592ms (cache miss)
903 http fetch GET 200 https://registry.npmjs.org/@babel/traverse/-/traverse-7.29.0.tgz 604ms (cache miss)
904 http fetch GET 200 https://registry.npmjs.org/react-refresh/-/react-refresh-0.17.0.tgz 621ms (cache miss)
905 http fetch GET 200 https://registry.npmjs.org/@babel/plugin-transform-react-jsx-self/-/plugin-transform-react-jsx-self-7.27.1.tgz 632ms (cache miss)
906 http fetch GET 200 https://registry.npmjs.org/@babel/plugin-transform-react-jsx-source/-/plugin-transform-react-jsx-source-7.27.1.tgz 632ms (cache miss)
907 http fetch GET 200 https://registry.npmjs.org/@babel/helper-module-transforms/-/helper-module-transforms-7.28.6.tgz 633ms (cache miss)
908 http fetch GET 200 https://registry.npmjs.org/@rolldown/pluginutils/-/pluginutils-1.0.0-beta.27.tgz 634ms (cache miss)
909 http fetch GET 200 https://registry.npmjs.org/@babel/generator/-/generator-7.29.1.tgz 648ms (cache miss)
910 http fetch GET 200 https://registry.npmjs.org/tslib/-/tslib-2.8.1.tgz 657ms (cache miss)
911 http fetch GET 200 https://registry.npmjs.org/@dnd-kit/accessibility/-/accessibility-3.1.1.tgz 668ms (cache miss)
912 http fetch GET 200 https://registry.npmjs.org/@babel/helpers/-/helpers-7.29.2.tgz 675ms (cache miss)
913 http fetch GET 200 https://registry.npmjs.org/csstype/-/csstype-3.2.3.tgz 697ms (cache miss)
914 http fetch GET 200 https://registry.npmjs.org/@babel/types/-/types-7.29.0.tgz 710ms (cache miss)
915 http fetch GET 200 https://registry.npmjs.org/uuid/-/uuid-9.0.1.tgz 716ms (cache miss)
916 http fetch GET 200 https://registry.npmjs.org/react/-/react-18.3.1.tgz 718ms (cache miss)
917 http fetch GET 200 https://registry.npmjs.org/@types/babel__core/-/babel__core-7.20.5.tgz 720ms (cache miss)
918 http fetch GET 200 https://registry.npmjs.org/@types/react-dom/-/react-dom-18.3.7.tgz 725ms (cache miss)
919 http fetch GET 200 https://registry.npmjs.org/@babel/core/-/core-7.29.0.tgz 727ms (cache miss)
920 http fetch GET 200 https://registry.npmjs.org/@vitejs/plugin-react/-/plugin-react-4.7.0.tgz 730ms (cache miss)
921 http fetch GET 200 https://registry.npmjs.org/@types/react/-/react-18.3.28.tgz 737ms (cache miss)
922 http fetch GET 200 https://registry.npmjs.org/@dnd-kit/utilities/-/utilities-3.2.2.tgz 746ms (cache miss)
923 http fetch GET 200 https://registry.npmjs.org/@types/prop-types/-/prop-types-15.7.15.tgz 753ms (cache miss)
924 http fetch GET 200 https://registry.npmjs.org/@dnd-kit/sortable/-/sortable-8.0.0.tgz 789ms (cache miss)
925 http fetch GET 200 https://registry.npmjs.org/@babel/parser/-/parser-7.29.2.tgz 794ms (cache miss)
926 http fetch GET 200 https://registry.npmjs.org/@dnd-kit/core/-/core-6.3.1.tgz 801ms (cache miss)
927 http fetch GET 200 https://registry.npmjs.org/esbuild 518ms (cache miss)
928 silly packumentCache corgi:https://registry.npmjs.org/esbuild set size:undefined disposed:false
929 silly packumentCache corgi:https://registry.npmjs.org/vite cache-miss
930 http fetch GET 200 https://registry.npmjs.org/rollup/-/rollup-4.59.0.tgz 870ms (cache miss)
931 http fetch GET 200 https://registry.npmjs.org/vite/-/vite-5.4.21.tgz 935ms (cache miss)
932 http fetch GET 200 https://registry.npmjs.org/vite 93ms (cache miss)
933 silly packumentCache corgi:https://registry.npmjs.org/vite set size:undefined disposed:false
934 silly packumentCache corgi:https://registry.npmjs.org/@vitejs%2fplugin-react cache-miss
935 http fetch GET 200 https://registry.npmjs.org/@vitejs%2fplugin-react 61ms (cache miss)
936 silly packumentCache corgi:https://registry.npmjs.org/@vitejs%2fplugin-react set size:undefined disposed:false
937 http fetch GET 200 https://registry.npmjs.org/react-dom/-/react-dom-18.3.1.tgz 1112ms (cache miss)
938 http fetch GET 200 https://registry.npmjs.org/@esbuild/darwin-arm64/-/darwin-arm64-0.21.5.tgz 1770ms (cache miss)
939 info run fsevents@2.3.3 install node_modules/fsevents node-gyp rebuild
940 info run fsevents@2.3.3 install { code: 1, signal: null }
941 verbose reify failed optional dependency /Users/alexander/Documents/Note App/node_modules/fsevents
942 silly reify mark deleted [ '/Users/alexander/Documents/Note App/node_modules/fsevents' ]
943 info run esbuild@0.21.5 postinstall node_modules/esbuild node install.js
944 info run esbuild@0.21.5 postinstall { code: 0, signal: null }
945 silly ADD node_modules/@types/estree
946 silly ADD node_modules/@rollup/rollup-darwin-arm64
947 silly ADD node_modules/source-map-js
948 silly ADD node_modules/nanoid
949 silly ADD node_modules/@esbuild/darwin-arm64
950 silly ADD node_modules/rollup
951 silly ADD node_modules/postcss
952 silly ADD
953 silly ADD node_modules/esbuild
954 silly ADD node_modules/escalade
955 silly ADD node_modules/scheduler
956 silly ADD node_modules/loose-envify
957 silly ADD node_modules/yallist
958 silly ADD node_modules/ms
959 silly ADD node_modules/update-browserslist-db
960 silly ADD node_modules/node-releases
961 silly ADD node_modules/electron-to-chromium
962 silly ADD node_modules/caniuse-lite
963 silly ADD node_modules/baseline-browser-mapping
964 silly ADD node_modules/@types/babel__traverse
965 silly ADD node_modules/@types/babel__template
966 silly ADD node_modules/@types/babel__generator
967 silly ADD node_modules/@jridgewell/resolve-uri
968 silly ADD node_modules/@jridgewell/sourcemap-codec
969 silly ADD node_modules/@babel/helper-string-parser
970 silly ADD node_modules/@babel/helper-globals
971 silly ADD node_modules/@babel/helper-plugin-utils
972 silly ADD node_modules/@babel/helper-module-imports
973 silly ADD node_modules/lru-cache
974 silly ADD node_modules/browserslist
975 silly ADD node_modules/@babel/helper-validator-option
976 silly ADD node_modules/@babel/compat-data
977 silly ADD node_modules/jsesc
978 silly ADD node_modules/@jridgewell/trace-mapping
979 silly ADD node_modules/@jridgewell/gen-mapping
980 silly ADD node_modules/picocolors
981 silly ADD node_modules/js-tokens
982 silly ADD node_modules/@babel/helper-validator-identifier
983 silly ADD node_modules/semver
984 silly ADD node_modules/json5
985 silly ADD node_modules/gensync
986 silly ADD node_modules/debug
987 silly ADD node_modules/convert-source-map
988 silly ADD node_modules/@jridgewell/remapping
989 silly ADD node_modules/@babel/types
990 silly ADD node_modules/@babel/traverse
991 silly ADD node_modules/@babel/template
992 silly ADD node_modules/@babel/parser
993 silly ADD node_modules/@babel/helpers
994 silly ADD node_modules/@babel/helper-module-transforms
995 silly ADD node_modules/@babel/helper-compilation-targets
996 silly ADD node_modules/@babel/generator
997 silly ADD node_modules/@babel/code-frame
998 silly ADD node_modules/react-refresh
999 silly ADD node_modules/@types/babel__core
1000 silly ADD node_modules/@rolldown/pluginutils
1001 silly ADD node_modules/@babel/plugin-transform-react-jsx-source
1002 silly ADD node_modules/@babel/plugin-transform-react-jsx-self
1003 silly ADD node_modules/@babel/core
1004 silly ADD node_modules/csstype
1005 silly ADD node_modules/@types/prop-types
1006 silly ADD node_modules/tslib
1007 silly ADD node_modules/@dnd-kit/accessibility
1008 silly ADD node_modules/uuid
1009 silly ADD node_modules/vite
1010 silly ADD node_modules/@vitejs/plugin-react
1011 silly ADD node_modules/@types/react-dom
1012 silly ADD node_modules/@types/react
1013 silly ADD node_modules/@dnd-kit/utilities
1014 silly ADD node_modules/@dnd-kit/sortable
1015 silly ADD node_modules/react-dom
1016 silly ADD node_modules/react
1017 silly ADD node_modules/@dnd-kit/core
1018 verbose cwd /Users/alexander/Documents/Note App
1019 verbose os Darwin 24.6.0
1020 verbose node v24.13.0
1021 verbose npm  v11.6.2
1022 verbose exit 0
1023 info ok
